commit a0b9d366a1729e42f0f078b4d272df6b288e4fd0
Author: Maria Hendrikx <mariahendrikx@gmail.com>
Date:   Fri Mar 6 12:30:18 2020 +0100

    Verslag vergadering 1 (PDF)

commit 30054a3dc639320286e723c91358f22762b1bfc1
Author: Maria Hendrikx <mariahendrikx@gmail.com>
Date:   Fri Mar 6 12:33:03 2020 +0100

    Verslag vergadering 1 (PDF)

commit 46c5e58e2bbacad7c9e9fda47649c897badf9912
Author: Maria Hendrikx <mariahendrikx@gmail.com>
Date:   Fri Mar 6 12:34:17 2020 +0100

    Verslag vergadering 1 (PDF)

commit 1af85aa5a9458baf12780deb33d4fecbabd2df9b
Author: Michiel Swaanen <michiel.swaanen.gsm@gmail.com>
Date:   Wed Mar 25 19:06:30 2020 +0100

    Added .gitignore file for the REST API

commit 0d2dd727fca23c0586ba594280485b8641b47788
Author: Michiel Swaanen <michiel.swaanen.gsm@gmail.com>
Date:   Wed Mar 25 19:07:28 2020 +0100

    Include key files

commit 5cc2740b79c78e576a64b9099f1b4c9b658d22e5
Author: Michiel Swaanen <michiel.swaanen.gsm@gmail.com>
Date:   Wed Mar 25 19:09:11 2020 +0100

    Rest API with user module + security added

commit 0131e42bdd3527c7609036b9224cede9bda4116f
Author: Michiel Swaanen <michiel.swaanen.gsm@gmail.com>
Date:   Thu Mar 26 21:05:24 2020 +0100

    Docker added. Used 2 containers instead of one. Rest-API and PostgreSQL are split. It's lit

commit db66b6065ac6e4b92be624cef45074194b50d9bf
Author: Michiel Swaanen <michiel.swaanen.gsm@gmail.com>
Date:   Sat Mar 28 13:19:18 2020 +0100

    Changed directory name

commit 34a5ff441b95da226203bd3fcd41da773e106e17
Author: Michiel Swaanen <michiel.swaanen.gsm@gmail.com>
Date:   Sat Mar 28 13:23:47 2020 +0100

    Web app folder created

commit 6477e50b0384b0b93a8289fc99a465fe86ca8891
Author: Michiel Swaanen <michiel.swaanen.gsm@gmail.com>
Date:   Sat Mar 28 13:24:44 2020 +0100

    Deleted for now

commit a2333a61c6defddeea2b376b3d4fa9539db0d9f7
Author: Michiel Swaanen <michiel.swaanen.gsm@gmail.com>
Date:   Sat Mar 28 13:36:56 2020 +0100

    Adding .gitignore

commit cba4d551f18c50a0972ef042680b759d9699b85c
Author: Michiel Swaanen <michiel.swaanen.gsm@gmail.com>
Date:   Sat Mar 28 13:38:35 2020 +0100

    Create React App

commit 6bc36eda7f8f1b19f9ef7c253260cfd2d081b499
Author: Michiel Swaanen <michiel.swaanen.gsm@gmail.com>
Date:   Sat Mar 28 22:08:17 2020 +0100

    .gitignore added for new folders

commit e6afc74b4f46e9d00611ebad7f7869688703165d
Author: Michiel Swaanen <michiel.swaanen.gsm@gmail.com>
Date:   Sat Mar 28 22:09:36 2020 +0100

    Docker added for production and development

commit f7cf82bd2f5d779e76fe698ac9ca4426b6a3915d
Author: Michiel Swaanen <michiel.swaanen.gsm@gmail.com>
Date:   Sat Mar 28 22:10:29 2020 +0100

    Deleted .idea

commit 9300fd2d40f7ea8511d61e442b57cabf3bd02aa6
Author: Michiel Swaanen <michiel.swaanen.gsm@gmail.com>
Date:   Sat Mar 28 22:16:20 2020 +0100

    Added some extra .gitignores

commit f495b9c20d1d4c14d67f0dfb64306ffac10b3875
Author: Michiel Swaanen <michiel.swaanen.gsm@gmail.com>
Date:   Sat Mar 28 22:47:23 2020 +0100

    Added extra information for team members

commit ac2c37d02182c0f352507b170fecf664fb9ccff9
Author: Michiel Swaanen <michiel.swaanen.gsm@gmail.com>
Date:   Sun Mar 29 09:45:23 2020 +0200

    Remote database + environment variables for debug and production

commit 9cafe8883efd93345d27a6351facae61b0c5a64a
Merge: 6477e50b ac2c37d0
Author: Michiel Swaanen <michiel.swaanen.gsm@gmail.com>
Date:   Sun Mar 29 09:46:43 2020 +0200

    Merge branch 'development-michiel'

commit e8a5b6db8fc9a82bc7866a56be8099357f7fa185
Author: maria.hendrikx <maria.hendrikx@student.uhasselt.be>
Date:   Sun Mar 29 10:47:34 2020 +0200

    add analyseverslag_revisie

commit 0963ca07d5f2d7d9acb0f47641f6e2df13409f51
Author: Michiel Swaanen <michiel.swaanen.gsm@gmail.com>
Date:   Wed Apr 1 09:23:29 2020 +0200

    Added .gitignore

commit bbd0a70175accdcc71e902543fc2e9391af72673
Author: Michiel Swaanen <michiel.swaanen.gsm@gmail.com>
Date:   Wed Apr 1 09:23:57 2020 +0200

    Added the mobile application

commit 54e422bca7d63292ecefd858796a70dba4835bba
Merge: 9cafe888 bbd0a701
Author: Michiel Swaanen <michiel.swaanen.gsm@gmail.com>
Date:   Wed Apr 1 09:26:13 2020 +0200

    Merge branch 'development-michiel'

commit 4c840fc35f093fe3b945f8e86930a38fd2c51fff
Merge: 54e422bc e8a5b6db
Author: Michiel Swaanen <michiel.swaanen.gsm@gmail.com>
Date:   Wed Apr 1 09:26:29 2020 +0200

    Merge branch 'master' of https://didactiek-scm.edm.uhasselt.be:8181/scm/git/psopv-2020-groep6

commit a7a726cf3616c273d95adc9a059e351c4e2f8d38
Author: Michiel Swaanen <michiel.swaanen.gsm@gmail.com>
Date:   Wed Apr 1 09:29:28 2020 +0200

    New debug.conf

commit 2e9d802a0368d92183e13cff5953326536c5bd2b
Author: Michiel Swaanen <michiel.swaanen.gsm@gmail.com>
Date:   Wed Apr 1 09:30:16 2020 +0200

    New docker-compose.debug.yml file

commit d3ffa7556409a8d030f8dba4c73d0e7fac7013f2
Author: Michiel Swaanen <michiel.swaanen.gsm@gmail.com>
Date:   Wed Apr 1 09:30:46 2020 +0200

    New README.md

commit b5a534f59e14242c3062f621d428ffa66c8d411c
Author: Michiel Swaanen <michiel.swaanen.gsm@gmail.com>
Date:   Thu Apr 2 14:58:11 2020 +0200

    .gitignore updated for vscode + branch guide

commit 51cfb949b5eb6297393991a0007037ba244baf9a
Author: Michiel Swaanen <michiel.swaanen.gsm@gmail.com>
Date:   Thu Apr 2 16:24:46 2020 +0200

    Git guide

commit 837b561603c927d298dacd41966496d3a1707391
Author: maria.hendrikx <maria.hendrikx@student.uhasselt.be>
Date:   Thu Apr 2 16:30:50 2020 +0200

    testing branching

commit 137c0b800f0a5f9d93abff1b3b955854f644a755
Merge: b5a534f5 51cfb949
Author: Michiel Swaanen <michiel.swaanen.gsm@gmail.com>
Date:   Thu Apr 2 16:42:23 2020 +0200

    Merge branch 'development-michiel' into development

commit 9173771bc4d78f40e75df5fb5dcfe545300def55
Merge: 137c0b80 837b5616
Author: maria.hendrikx <maria.hendrikx@student.uhasselt.be>
Date:   Thu Apr 2 16:43:32 2020 +0200

    C:wq
    C
    C
    
    B
    C
    C

commit 4cebaa5c441210bb910889b49a303e798b673687
Author: maria.hendrikx <maria.hendrikx@student.uhasselt.be>
Date:   Thu Apr 2 16:47:29 2020 +0200

    deleting test file

commit c2a3363b5f7c2322cfbf079dacbe1e5f99813a41
Author: Wouter <Wouter.Grootjans@student.uhasselt.be>
Date:   Fri Apr 3 09:53:40 2020 +0200

    basic admin module with navigation between tabs & some info

commit 80aba672e74b04c07ff963cf1360080033185b24
Author: Michiel Swaanen <michiel.swaanen.gsm@gmail.com>
Date:   Fri Apr 3 11:58:55 2020 +0200

    README Updated

commit f812ea8bb8ca51d48d9dbfaef415a90c82800c60
Merge: 80aba672 4cebaa5c
Author: Michiel Swaanen <michiel.swaanen.gsm@gmail.com>
Date:   Fri Apr 3 12:00:37 2020 +0200

    Merge branch 'development' of https://didactiek-scm.edm.uhasselt.be:8181/scm/git/psopv-2020-groep6 into development

commit a3e3d6eb4c22a8c88fd026060a6688def718a308
Author: Michiel Swaanen <michiel.swaanen.gsm@gmail.com>
Date:   Fri Apr 3 12:51:12 2020 +0200

    Added mobile entry point for Docker

commit c8b848c6c603ca5dd05d3166a3a4e52fe1d9b69a
Author: Michiel Swaanen <michiel.swaanen.gsm@gmail.com>
Date:   Fri Apr 3 12:54:44 2020 +0200

    Added extra commands to the guide

commit d1db3f061ff14dea0dc848b083ddf3d90d6fa240
Author: Michiel Swaanen <michiel.swaanen.gsm@gmail.com>
Date:   Fri Apr 3 12:55:52 2020 +0200

    All changes

commit a4478d1d1e677dfa93e1c75693610d657dfaf3c1
Merge: f812ea8b d1db3f06
Author: Michiel Swaanen <michiel.swaanen.gsm@gmail.com>
Date:   Fri Apr 3 13:02:16 2020 +0200

    Merge branch 'development-michiel' into development

commit 26e5cd2b855a741c695a6e6ef50952781b9d4ee1
Merge: d3ffa755 a4478d1d
Author: Michiel Swaanen <michiel.swaanen.gsm@gmail.com>
Date:   Fri Apr 3 13:07:05 2020 +0200

    Successfully merged with development branch

commit e26a854db8f9376ccdb11848a3f87c3eb5207f58
Merge: 26e5cd2b c2a3363b
Author: Michiel Swaanen <michiel.swaanen.gsm@gmail.com>
Date:   Fri Apr 3 13:07:17 2020 +0200

    Merge branch 'master' of https://didactiek-scm.edm.uhasselt.be:8181/scm/git/psopv-2020-groep6

commit 0e8def59f1fec7dcf73c185a4ec761450bd502fb
Author: Michiel Swaanen <michiel.swaanen.gsm@gmail.com>
Date:   Fri Apr 3 13:11:24 2020 +0200

    Merged with Wouter's changes on the master

commit 5fd8ec1da92731c191dfdd5a5a05d837c9dea423
Author: Michiel Swaanen <michiel.swaanen.gsm@gmail.com>
Date:   Fri Apr 3 13:12:59 2020 +0200

    Successful merged with master brahch + fixed Wouter's garbage push <3

commit 4fd66a3c5180b0f5d22fa7d646b9b4901f4139ff
Author: Michiel Swaanen <michiel.swaanen.gsm@gmail.com>
Date:   Fri Apr 3 13:56:10 2020 +0200

    Clean web application added

commit 801b0d7019c8488fb0121c0feb87c079766acbd2
Author: Wouter <Wouter.Grootjans@student.uhasselt.be>
Date:   Fri Apr 3 20:33:48 2020 +0200

    added layout with material-ui and worked on filter function for users

commit bfdf743664dbedd39fc4662ba9f9cadc1e0907d6
Author: Michiel Swaanen <michiel.swaanen.gsm@gmail.com>
Date:   Sat Apr 4 16:51:26 2020 +0200

    Added new models to the rest api

commit 7a40595fa46d84477f945608f463f055f34b2e94
Author: Michiel Swaanen <michiel.swaanen.gsm@gmail.com>
Date:   Sat Apr 4 17:46:13 2020 +0200

    Converted all the tables to sequelize models

commit 1d2c9db374fba4d3c76a6f0bc38ddefbfe8f3efc
Author: Wouter <Wouter.Grootjans@student.uhasselt.be>
Date:   Sat Apr 4 19:45:26 2020 +0200

    basic layout with basic functionality

commit a81eefb235a4fcfe965949671b8b0da770a3855c
Merge: f812ea8b 1d2c9db3
Author: Wouter <Wouter.Grootjans@student.uhasselt.be>
Date:   Sat Apr 4 19:58:11 2020 +0200

    Merged with development

commit dbea1a5a31641efe56b4e4886233056d1a8df49a
Merge: a81eefb2 a4478d1d
Author: Wouter <Wouter.Grootjans@student.uhasselt.be>
Date:   Sat Apr 4 20:00:11 2020 +0200

    Merging with latest development

commit 453ca4ef8144f45479145c54a0e58f0138255843
Merge: a4478d1d 7a40595f
Author: Michiel Swaanen <michiel.swaanen.gsm@gmail.com>
Date:   Sat Apr 4 20:04:56 2020 +0200

    Merge branch 'development-michiel' into development

commit 2772625fec4f940a771afa1958e7548e7a42747f
Merge: 453ca4ef dbea1a5a
Author: Michiel Swaanen <michiel.swaanen.gsm@gmail.com>
Date:   Sat Apr 4 20:07:02 2020 +0200

    Merge branch 'development' of https://didactiek-scm.edm.uhasselt.be:8181/scm/git/psopv-2020-groep6 into development

commit 05bb5aa914e8ceef8557f23ae3ba09f4cb743eb2
Author: Michiel Swaanen <michiel.swaanen.gsm@gmail.com>
Date:   Sat Apr 4 20:36:43 2020 +0200

    Bug fix + merged with development-michiel

commit 0fa7d045154bd2b33626d88c2b71eee91ac65f74
Merge: 1d2c9db3 dbea1a5a
Author: Wouter <Wouter.Grootjans@student.uhasselt.be>
Date:   Sat Apr 4 20:40:46 2020 +0200

    Merge branch 'development' into development-wouter

commit 0d6f0c7591377aa06c1178508611c98403d4bc06
Merge: 0fa7d045 05bb5aa9
Author: Wouter <Wouter.Grootjans@student.uhasselt.be>
Date:   Sat Apr 4 20:46:43 2020 +0200

    Merge branch 'development' into development-wouter

commit 6b8749a6558f6dd65482ab629e274582fa665d9d
Merge: 837b5616 05bb5aa9
Author: maria.hendrikx <maria.hendrikx@student.uhasselt.be>
Date:   Sun Apr 5 10:09:49 2020 +0200

    Merge branch 'development' into development-maria

commit 38ec60d42163dc624922cca61b191d1e5f2f1597
Author: maria.hendrikx <maria.hendrikx@student.uhasselt.be>
Date:   Sun Apr 5 11:57:20 2020 +0200

    MapView + ListView layout added

commit 9dc272ce43dfed54c27cc134ce172428c6c8aebc
Author: Michiel Swaanen <michiel.swaanen.gsm@gmail.com>
Date:   Sun Apr 5 20:27:08 2020 +0200

    Added problem controller

commit a4d41265da89fac5e3acfe82273c4d9337d92eda
Author: maria.hendrikx <maria.hendrikx@student.uhasselt.be>
Date:   Sun Apr 5 21:22:45 2020 +0200

    PostView layout added

commit b3acd2b8c6a13763ee79c303a30719aeba75f113
Author: maria.hendrikx <maria.hendrikx@student.uhasselt.be>
Date:   Sun Apr 5 22:37:58 2020 +0200

    Notifications + SendNotificaitons added

commit 70e8cc70edc4b079085c097ca3e0e0e94da1fca0
Author: Wouter <Wouter.Grootjans@student.uhasselt.be>
Date:   Mon Apr 6 11:06:35 2020 +0200

    Renamed files

commit 092ed55c23a02e227bad90a99129b0a44ad92e77
Author: Wouter <Wouter.Grootjans@student.uhasselt.be>
Date:   Mon Apr 6 13:50:02 2020 +0200

    Added map tab and map to post tab

commit f531e8e958e819c22a17c49b92192cdbbf772087
Author: Wouter <Wouter.Grootjans@student.uhasselt.be>
Date:   Mon Apr 6 14:03:59 2020 +0200

    Added onClick on marker in posttab

commit 01312fc0e1983045a129a0d04e3f21a8d3caf044
Author: Michiel Swaanen <michiel.swaanen.gsm@gmail.com>
Date:   Tue Apr 7 14:36:49 2020 +0200

    Added post and shift functionality

commit 78faea057f96544021b0da994fb7fdf18642e092
Author: Michiel Swaanen <michiel.swaanen.gsm@gmail.com>
Date:   Tue Apr 7 14:38:59 2020 +0200

    Updated .gitignore

commit d79086386261452a2a619133908369216244371b
Author: Michiel Swaanen <michiel.swaanen.gsm@gmail.com>
Date:   Tue Apr 7 14:40:11 2020 +0200

    Updated packages for mobile

commit aa9f2ae594d074c01b0998f73b4aa55ec5dbe6d6
Author: Wouter <Wouter.Grootjans@student.uhasselt.be>
Date:   Tue Apr 7 17:50:29 2020 +0200

    Added redux for state mangemant and renamed variabels & file for consistency

commit c0c3942005a6501fec9f8aaf493138e1692ee295
Merge: 4fd66a3c 05bb5aa9
Author: Michiel Swaanen <michiel.swaanen.gsm@gmail.com>
Date:   Tue Apr 7 18:40:25 2020 +0200

    Merged with development remote

commit c1149a04c1a8a1f7f11794c3d53f47c1f3c88e40
Merge: c0c39420 d7908638
Author: Michiel Swaanen <michiel.swaanen.gsm@gmail.com>
Date:   Tue Apr 7 18:41:47 2020 +0200

    Merged with development-michiel

commit 9ca8db23ad8bfdce949a5e7f38edad3197b1ba24
Author: Wouter <Wouter.Grootjans@student.uhasselt.be>
Date:   Tue Apr 7 19:14:16 2020 +0200

    Mergin with development

commit b1b366a1ee7ab5f1ed122e30d256fd00563b63fe
Merge: 05bb5aa9 9ca8db23
Author: Wouter <Wouter.Grootjans@student.uhasselt.be>
Date:   Tue Apr 7 19:14:57 2020 +0200

    Merge branch 'development-wouter' into development

commit a58c862ccffa99b2c506cb939f9ec0f4cb87cfb3
Author: Wouter <Wouter.Grootjans@student.uhasselt.be>
Date:   Wed Apr 8 11:00:03 2020 +0200

    Added detail page for posts & problems, available from the mam markers

commit 43508627e78580b025f0ccda50f0094de7b20568
Merge: c1149a04 b1b366a1
Author: Michiel Swaanen <michiel.swaanen.gsm@gmail.com>
Date:   Wed Apr 8 12:31:16 2020 +0200

    Merged with development

commit 408c6261ed16f6e2a097236ffe03999ef0d18f52
Author: Michiel Swaanen <michiel.swaanen.gsm@gmail.com>
Date:   Wed Apr 8 13:33:44 2020 +0200

    Fixed imports

commit b3dd9b545df5d6be87d308c2b7257968d3db62d1
Merge: d7908638 408c6261
Author: Michiel Swaanen <michiel.swaanen.gsm@gmail.com>
Date:   Wed Apr 8 13:36:35 2020 +0200

    Merge branch 'development' into development-michiel

commit ae02f722b82815c20123d5e91eb056b742d07dfa
Author: Wouter <Wouter.Grootjans@student.uhasselt.be>
Date:   Wed Apr 8 13:40:55 2020 +0200

    Added user locations

commit 916fc5ffa9d737d6c341df0a4b175324b645da0f
Merge: 408c6261 ae02f722
Author: Wouter <Wouter.Grootjans@student.uhasselt.be>
Date:   Wed Apr 8 13:42:32 2020 +0200

    Merge branch 'development-wouter' into development

commit 8abc39ab7220a1fcf2dc43a5481f3c480e9bf1d4
Author: Michiel Swaanen <michiel.swaanen.gsm@gmail.com>
Date:   Wed Apr 8 17:02:41 2020 +0200

    Item controller + routes added

commit 4c98d295f75062a7a7efaf3094d861e002ebcdc4
Author: Wouter <Wouter.Grootjans@student.uhasselt.be>
Date:   Wed Apr 8 20:19:43 2020 +0200

    Admin: added redux actions, admin can say a problem is solved

commit 82776ff36b793e6ca1df0fb256c78dcaf060c529
Author: maria.hendrikx <maria.hendrikx@student.uhasselt.be>
Date:   Thu Apr 9 10:33:09 2020 +0200

    Contact added

commit f8e4b219f9f828e5fb1a5d5c848673a05fa6a05d
Author: Michiel Swaanen <michiel.swaanen.gsm@gmail.com>
Date:   Thu Apr 9 10:43:37 2020 +0200

    Message controller

commit 2f170aaf02582719de305810bc3bffe16a368a32
Author: Wouter <Wouter.Grootjans@student.uhasselt.be>
Date:   Thu Apr 9 20:51:32 2020 +0200

    Admin: Added Ui for the planning, user can search with specifik filters and change the vrijwilliger on a given shift

commit a98514bc5fafb82194d2687d4cf09291bd8c72b8
Author: Wouter <Wouter.Grootjans@student.uhasselt.be>
Date:   Fri Apr 10 11:20:22 2020 +0200

    Admin: ability to mark messages as read, so they don't show anymore, send messages to redux actions to be given to the server, and can now say the name of the user to be send the message

commit be7dc233cc14bf09839de0686514603262096ab8
Author: Michiel Swaanen <michiel.swaanen.gsm@gmail.com>
Date:   Fri Apr 10 11:31:03 2020 +0200

    Deleted node_modules, updated controller & Docker file seperation

commit 16785f08d070decab6d46402fae04c991d216fa2
Author: Michiel Swaanen <michiel.swaanen.gsm@gmail.com>
Date:   Fri Apr 10 11:31:38 2020 +0200

    Added seeding file

commit fb49de5d886b9e45b518949bc12eb5884a559a47
Merge: 408c6261 16785f08
Author: Michiel Swaanen <michiel.swaanen.gsm@gmail.com>
Date:   Fri Apr 10 11:35:28 2020 +0200

    Merge branch 'development-michiel' into development

commit c47c1e140d9a8224547ea9dc792eb21cb192fe29
Merge: 16785f08 fb49de5d
Author: Michiel Swaanen <michiel.swaanen.gsm@gmail.com>
Date:   Fri Apr 10 11:36:55 2020 +0200

    Merge branch 'development' into development-michiel

commit 01cfe5e301c9008bdba4526c632b08af8fb05d3f
Author: maria.hendrikx <maria.hendrikx@student.uhasselt.be>
Date:   Fri Apr 10 11:45:48 2020 +0200

    redux added to notifications

commit 09b1cf579186f54f2b78e5b34186df3ded880f1f
Author: maria.hendrikx <maria.hendrikx@student.uhasselt.be>
Date:   Fri Apr 10 12:07:35 2020 +0200

    redux small edit

commit c1bacaf590a433bb43a3ed858dd09d14707a33bf
Merge: 09b1cf57 fb49de5d
Author: maria.hendrikx <maria.hendrikx@student.uhasselt.be>
Date:   Fri Apr 10 12:13:19 2020 +0200

    merged

commit e8fc54fa4bbbc4b7b585e9e11137801943de38ef
Author: Michiel Swaanen <michiel.swaanen.gsm@gmail.com>
Date:   Fri Apr 10 12:16:28 2020 +0200

    Middleware deleted for development purposes

commit fcb62509a16dbf170d6046dc9e6defe447076ad9
Merge: fb49de5d e8fc54fa
Author: Michiel Swaanen <michiel.swaanen.gsm@gmail.com>
Date:   Fri Apr 10 12:16:58 2020 +0200

    Merge branch 'development-michiel' into development

commit 26aa7c538a7167480878c70421740349d5822f8c
Author: maria.hendrikx <maria.hendrikx@student.uhasselt.be>
Date:   Fri Apr 10 12:17:49 2020 +0200

     edited url

commit fcb4b3970a4ee1d601197672a4c0541c0d03c867
Merge: 26aa7c53 fcb62509
Author: maria.hendrikx <maria.hendrikx@student.uhasselt.be>
Date:   Fri Apr 10 12:18:35 2020 +0200

    Merge branch 'development' into development-maria

commit e0a3b05534dd8558811523b8ab7cc96a2b5e639d
Author: Wouter <Wouter.Grootjans@student.uhasselt.be>
Date:   Fri Apr 10 16:43:18 2020 +0200

    Admin: made pdfGenerated a part of the global redux state

commit 69301ffd85353b238ad6e34671bd06495966df6a
Author: Michiel Swaanen <michiel.swaanen.gsm@gmail.com>
Date:   Fri Apr 10 16:50:01 2020 +0200

    Added general post controller and did some changes

commit 580e6d95c682c56afe639cf169ffb3b6539f20e7
Author: Michiel Swaanen <michiel.swaanen.gsm@gmail.com>
Date:   Fri Apr 10 17:50:49 2020 +0200

    Item Type and Problem Type controllers + routes added

commit f2fece69da7c29c61b33f125e93c6fe2588c9bf5
Author: Michiel Swaanen <michiel.swaanen.gsm@gmail.com>
Date:   Fri Apr 10 17:51:48 2020 +0200

    Item Type and Problem Type controllers + routes added

commit e0b186ed052c4a892066055da3509b340a38b2c3
Merge: fcb62509 f2fece69
Author: Michiel Swaanen <michiel.swaanen.gsm@gmail.com>
Date:   Fri Apr 10 17:53:27 2020 +0200

    Merge branch 'development-michiel' into development

commit 6ffe0161dd9e8bde1931d6b76be444ec6a316518
Author: Wouter <Wouter.Grootjans@student.uhasselt.be>
Date:   Fri Apr 10 19:32:59 2020 +0200

    Admin: Added display of items whitch are on a given shift

commit b96bc4ea28a7e3ded2897adfcddf920b9f482684
Author: Michiel Swaanen <michiel.swaanen.gsm@gmail.com>
Date:   Fri Apr 10 19:44:04 2020 +0200

    Changed login credentials to email instead of phone_number

commit d99a9b41247360e89097d745d3f356b70079439a
Merge: e0b186ed b96bc4ea
Author: Michiel Swaanen <michiel.swaanen.gsm@gmail.com>
Date:   Fri Apr 10 19:44:31 2020 +0200

    Merge branch 'development-michiel' into development

commit 1887081ca5171018147a642f4dd7d694efbab886
Author: Michiel Swaanen <michiel.swaanen.gsm@gmail.com>
Date:   Fri Apr 10 19:45:59 2020 +0200

    Updated .gitignore

commit 16a1a1fd03e810fc4e542bef55dcb7283811ddd6
Merge: b96bc4ea 1887081c
Author: Michiel Swaanen <michiel.swaanen.gsm@gmail.com>
Date:   Fri Apr 10 19:46:26 2020 +0200

    Merge branch 'development' into development-michiel

commit e7060efb08799a4cf97060ff991c63f1bfec979d
Author: Michiel Swaanen <michiel.swaanen.gsm@gmail.com>
Date:   Sat Apr 11 10:24:18 2020 +0200

    Added a mobile development guide

commit 3369dc45d8fc9c71f4b0c454f404aefa097d7395
Author: Michiel Swaanen <michiel.swaanen.gsm@gmail.com>
Date:   Sat Apr 11 10:25:03 2020 +0200

    Added a mobile development guide

commit 21a2b725ab4d1b63454edef447e878c7aa479aae
Merge: 1887081c 3369dc45
Author: Michiel Swaanen <michiel.swaanen.gsm@gmail.com>
Date:   Sat Apr 11 10:25:35 2020 +0200

    Merge branch 'development-michiel' into development

commit 33c6726339218060294c42228a28379b35735c4e
Author: Michiel Swaanen <michiel.swaanen.gsm@gmail.com>
Date:   Sat Apr 11 10:28:53 2020 +0200

    Added a mobile development guide

commit 243e2aa62dd7800146debed02dd6427a73daf657
Author: Michiel Swaanen <michiel.swaanen.gsm@gmail.com>
Date:   Sat Apr 11 10:53:53 2020 +0200

    .gitignore

commit 988c1c62de909650c679b1b79320d094ea5405a6
Author: Michiel Swaanen <michiel.swaanen.gsm@gmail.com>
Date:   Sat Apr 11 11:03:45 2020 +0200

    New Ionic installation

commit 94aa350babf2364e6d4e78b3c71f236b5c9659d8
Author: Michiel Swaanen <michiel.swaanen.gsm@gmail.com>
Date:   Sat Apr 11 11:05:31 2020 +0200

    Fixed android folder ignore

commit 27d072ff9c289ef442e4f8a4834faab9bee5811e
Author: Michiel Swaanen <michiel.swaanen.gsm@gmail.com>
Date:   Sat Apr 11 11:07:52 2020 +0200

    Development mobile guide updated

commit c6c3dd103f953d84c97fc5b2900a4a3d6099a2d9
Merge: 21a2b725 27d072ff
Author: Michiel Swaanen <michiel.swaanen.gsm@gmail.com>
Date:   Sat Apr 11 11:08:16 2020 +0200

    Merge branch 'development-michiel' into development

commit 206b4437a7e5c2a189cfe3ffbc1e613b767f3e59
Author: Michiel Swaanen <michiel.swaanen.gsm@gmail.com>
Date:   Sat Apr 11 11:19:16 2020 +0200

    Removed client-mobile

commit d12ac871408794886cc154b7180f3e3054c66ba5
Author: Wouter <Wouter.Grootjans@student.uhasselt.be>
Date:   Sat Apr 11 11:20:35 2020 +0200

    Admin: Added settings menu with ability to change the delay for location updated

commit c1fcd2e304e669cef90e4d45e9c5829893813cf4
Author: Michiel Swaanen <michiel.swaanen.gsm@gmail.com>
Date:   Sat Apr 11 11:24:58 2020 +0200

    Added .gitignore

commit c8b791e0004e10b8d7e7c3d2c41d8456017fe35d
Author: Michiel Swaanen <michiel.swaanen.gsm@gmail.com>
Date:   Sat Apr 11 11:25:53 2020 +0200

    Added new Ionic installation

commit bb4ea99d86e6a1cadf28140933889bec22736df2
Author: Michiel Swaanen <michiel.swaanen.gsm@gmail.com>
Date:   Sat Apr 11 11:29:36 2020 +0200

    Added package.json

commit f127e76d01ea65f7398217e6fa337637151afe86
Merge: 27d072ff bb4ea99d
Author: Michiel Swaanen <michiel.swaanen.gsm@gmail.com>
Date:   Sat Apr 11 11:30:45 2020 +0200

    Merge branch 'development' into development-michiel

commit 8a37269c61d4bf7e1f7958a4ab1b46ef94632f03
Merge: 916fc5ff d12ac871
Author: Wouter <Wouter.Grootjans@student.uhasselt.be>
Date:   Sat Apr 11 11:35:27 2020 +0200

    Merging

commit b119d24e9267adb1e99ec586a58cf9ba517350e5
Author: maria.hendrikx <maria.hendrikx@student.uhasselt.be>
Date:   Sat Apr 11 11:36:31 2020 +0200

    redux: reading data and updating data added to notifications

commit 5c9cd49f688e3926ea219d2e5a83a8b7f8dedf6e
Merge: 8a37269c bb4ea99d
Author: Wouter <Wouter.Grootjans@student.uhasselt.be>
Date:   Sat Apr 11 11:37:44 2020 +0200

    Merge branch 'development' of https://didactiek-scm.edm.uhasselt.be:8181/scm/git/psopv-2020-groep6 into development

commit f95bb5f7593475102a1fd822872426b6dfdec242
Author: Wouter <Wouter.Grootjans@student.uhasselt.be>
Date:   Sat Apr 11 13:51:36 2020 +0200

    Admin: Glabal redux state gets updated when the connection of a user is changed

commit de1cf94b26f8aea9353156f4fc1999313670cbcc
Merge: 5c9cd49f f95bb5f7
Author: Wouter <Wouter.Grootjans@student.uhasselt.be>
Date:   Sat Apr 11 14:09:11 2020 +0200

    Merge branch 'development-wouter' into development

commit e9cdbfe481b02334dba32c27f6c486b965c2bdab
Author: maria.hendrikx <maria.hendrikx@student.uhasselt.be>
Date:   Sat Apr 11 14:40:25 2020 +0200

    send notification redux: change state + functions added

commit 461fbbf94e8701c45c979f9f8b84accc753fc816
Author: maria.hendrikx <maria.hendrikx@student.uhasselt.be>
Date:   Sat Apr 11 16:07:36 2020 +0200

    small change in reducers

commit 98d0af95f32c557a9d9dc251e95f34f175909767
Author: Michiel Swaanen <michiel.swaanen.gsm@gmail.com>
Date:   Sat Apr 11 16:47:19 2020 +0200

    Added login page and actions

commit 4da1bc287f935b14629b63b85cf53b4489357b81
Author: Michiel Swaanen <michiel.swaanen.gsm@gmail.com>
Date:   Sat Apr 11 19:15:26 2020 +0200

    Login screen with redux

commit 38133df4d3cf3b4411681974f0ccb8d3e3f88713
Merge: bb4ea99d 4da1bc28
Author: Michiel Swaanen <michiel.swaanen.gsm@gmail.com>
Date:   Sat Apr 11 19:16:35 2020 +0200

    Merge branch 'development-michiel' into development

commit d2747ae3cbc9594b1bf4f1c469f5906a05427d59
Merge: 38133df4 de1cf94b
Author: Michiel Swaanen <michiel.swaanen.gsm@gmail.com>
Date:   Sat Apr 11 19:17:25 2020 +0200

    Merge branch 'development' of https://didactiek-scm.edm.uhasselt.be:8181/scm/git/psopv-2020-groep6 into development

commit cad8dce9a94c7fad47adda6b42a7bfb484e1455e
Merge: 4da1bc28 d2747ae3
Author: Michiel Swaanen <michiel.swaanen.gsm@gmail.com>
Date:   Sat Apr 11 19:25:23 2020 +0200

    Merge branch 'development' into development-michiel

commit fad344b8c07ea357d2ce0aa17d06c1e9dbda6c85
Merge: f95bb5f7 de1cf94b
Author: Wouter <Wouter.Grootjans@student.uhasselt.be>
Date:   Sun Apr 12 09:48:25 2020 +0200

    Merge branch 'development' into development-wouter

commit 3dc3cb869a1d985f12cf75f867d81e868e43c0f0
Merge: fad344b8 d2747ae3
Author: Wouter <Wouter.Grootjans@student.uhasselt.be>
Date:   Sun Apr 12 11:23:18 2020 +0200

    Merge branch 'development' into development-wouter

commit 8d46c16c0e5a95930c80eb577f195697d022abf6
Author: maria.hendrikx <maria.hendrikx@student.uhasselt.be>
Date:   Sun Apr 12 11:38:03 2020 +0200

    link to android added

commit b34875d9b135343037daedbf0bb41171e5a299b1
Merge: 461fbbf9 8d46c16c
Author: maria.hendrikx <maria.hendrikx@student.uhasselt.be>
Date:   Sun Apr 12 15:04:23 2020 +0200

    Notifications with the database connected (together with michiel)

commit 7e55cffb7fbf313747e4cd2092860ba2298f6a8e
Author: maria.hendrikx <maria.hendrikx@student.uhasselt.be>
Date:   Sun Apr 12 15:14:52 2020 +0200

    send Message connected with database

commit 271afbca7c8e2d5b856ca4b93c98bc788be9bb2f
Author: maria.hendrikx <maria.hendrikx@student.uhasselt.be>
Date:   Sun Apr 12 16:19:53 2020 +0200

    sendMessages: selecting users

commit 06737a4ff30fe53750af98cd5ef04a71b9f42c3a
Author: maria.hendrikx <maria.hendrikx@student.uhasselt.be>
Date:   Sun Apr 12 17:03:23 2020 +0200

    connected ContactPage with database

commit b3177159ea0ce31cfddd489e3a20462581bf3b07
Author: Michiel Swaanen <michiel.swaanen.gsm@gmail.com>
Date:   Sun Apr 12 17:23:40 2020 +0200

    Message Toggle Seen function added

commit 211ec0af38d5e1a41ddc37eedefd04a40a0e2dcf
Merge: d2747ae3 b3177159
Author: Michiel Swaanen <michiel.swaanen.gsm@gmail.com>
Date:   Sun Apr 12 17:24:17 2020 +0200

    Merge branch 'development-michiel' into development

commit 179ff6b91c275be4bfd4f1c45ce34dba97006d53
Merge: 211ec0af 8d46c16c
Author: Michiel Swaanen <michiel.swaanen.gsm@gmail.com>
Date:   Sun Apr 12 17:25:35 2020 +0200

    Merge branch 'development' of https://didactiek-scm.edm.uhasselt.be:8181/scm/git/psopv-2020-groep6 into development

commit 43f3e15cf082f23551097bbd7b661940526bb494
Author: Michiel Swaanen <michiel.swaanen.gsm@gmail.com>
Date:   Sun Apr 12 20:01:48 2020 +0200

    Implemented eager loading + planning controller and router

commit 67b9677713d7007fc59520820961d35ed0dbb8c0
Merge: 179ff6b9 43f3e15c
Author: Michiel Swaanen <michiel.swaanen.gsm@gmail.com>
Date:   Sun Apr 12 20:02:08 2020 +0200

    Merge branch 'development-michiel' into development

commit 78ba60715f2c719c41833be45a3337ca181bb1d3
Author: maria.hendrikx <maria.hendrikx@student.uhasselt.be>
Date:   Sun Apr 12 23:33:02 2020 +0200

    personPage added

commit 3001591eda78c02bf0a8beb2b09c4878957883ca
Author: maria.hendrikx <maria.hendrikx@student.uhasselt.be>
Date:   Mon Apr 13 22:23:52 2020 +0200

     added some personPage info

commit 1e1267a1fc8127c0afa7348ef45be42cdeee156a
Merge: 3001591e 67b96777
Author: maria.hendrikx <maria.hendrikx@student.uhasselt.be>
Date:   Mon Apr 13 22:27:05 2020 +0200

    merged with development

commit 75913b40df61e199f470fd41429d415827bc44be
Author: maria.hendrikx <maria.hendrikx@student.uhasselt.be>
Date:   Tue Apr 14 09:51:10 2020 +0200

    PersonPage updated

commit 324ccdcffe23a146d53f64d3314a2e5163378874
Author: Michiel Swaanen <michiel.swaanen.gsm@gmail.com>
Date:   Tue Apr 14 10:12:36 2020 +0200

    Added planning routes + database seeder

commit f939f980ae73d26ca21cca88a1626573bd80f917
Author: Michiel Swaanen <michiel.swaanen.gsm@gmail.com>
Date:   Tue Apr 14 10:19:40 2020 +0200

    Refactored

commit 31b5da7c248ce8aaef2f3a6909587d271a1ad2b8
Merge: 67b96777 f939f980
Author: Michiel Swaanen <michiel.swaanen.gsm@gmail.com>
Date:   Tue Apr 14 10:20:15 2020 +0200

    Merge branch 'development-michiel' into development

commit dea5e241e352aa5c562cb3e185e16a74c2f95894
Author: Michiel Swaanen <michiel.swaanen.gsm@gmail.com>
Date:   Tue Apr 14 10:23:00 2020 +0200

    Removed authentication on endpoint, except for delete operations

commit eec970643bea6a2d3cccc1902a0b773da8b68ed0
Merge: 31b5da7c dea5e241
Author: Michiel Swaanen <michiel.swaanen.gsm@gmail.com>
Date:   Tue Apr 14 10:23:26 2020 +0200

    Merge branch 'development-michiel' into development

commit 6babc2bca8e8f772590aa607994d2625fa9a40ac
Merge: 75913b40 eec97064
Author: maria.hendrikx <maria.hendrikx@student.uhasselt.be>
Date:   Tue Apr 14 10:31:59 2020 +0200

    Merge branch 'development' into development-maria

commit ca08a81945fd5769af7d85976d0a30009f25ef53
Author: Michiel Swaanen <michiel.swaanen.gsm@gmail.com>
Date:   Tue Apr 14 10:52:56 2020 +0200

    Added user seeder, fixed seeder bug

commit c96bbcb61637b080254e1efdfb8e9bc8e96af539
Author: maria.hendrikx <maria.hendrikx@student.uhasselt.be>
Date:   Tue Apr 14 11:16:56 2020 +0200

    small change

commit 652375eeccb761be0c332ea9a2017a29dd60af56
Author: Michiel Swaanen <michiel.swaanen.gsm@gmail.com>
Date:   Tue Apr 14 11:26:41 2020 +0200

    Added Permission Type model

commit f6905299aa1f46b5704e54821fe4425d65a01b10
Author: Michiel Swaanen <michiel.swaanen.gsm@gmail.com>
Date:   Tue Apr 14 12:02:21 2020 +0200

    Added floating points to post model

commit 3bed61e7fa9b298664f319eb5fc0fa7dae82ca97
Merge: eec97064 f6905299
Author: Michiel Swaanen <michiel.swaanen.gsm@gmail.com>
Date:   Tue Apr 14 12:03:17 2020 +0200

    Merge branch 'development-michiel' into development

commit c7fc7ad5145e8549d9e163d03a17eb3dd244ce96
Author: Michiel Swaanen <michiel.swaanen.gsm@gmail.com>
Date:   Tue Apr 14 19:30:59 2020 +0200

    Added post, shift, item type and general post seeder

commit ed6b9408a430746a336ff9fb2339437e2b4c235b
Author: Michiel Swaanen <michiel.swaanen.gsm@gmail.com>
Date:   Tue Apr 14 20:37:00 2020 +0200

    Item, message and planning seeder added + some refarctoring for eager loading

commit 207a91b9308d46d8c698ad74d478e0bf59807921
Author: maria.hendrikx <maria.hendrikx@student.uhasselt.be>
Date:   Tue Apr 14 21:11:58 2020 +0200

    map added + problem sign

commit 66e498fb5a14af0532746cf364047c76a24c4c6d
Merge: 207a91b9 3bed61e7
Author: maria.hendrikx <maria.hendrikx@student.uhasselt.be>
Date:   Tue Apr 14 21:12:26 2020 +0200

    Merge branch 'development' into development-maria

commit 73c55c12896c684c192081025343eab9bc16bb63
Author: maria.hendrikx <maria.hendrikx@student.uhasselt.be>
Date:   Tue Apr 14 22:26:09 2020 +0200

    Added custom markers and a test function to MapPage

commit 0023e3e1a41f08e91c8324f6eb199d4fc5e61e2f
Author: Michiel Swaanen <michiel.swaanen.gsm@gmail.com>
Date:   Tue Apr 14 23:13:51 2020 +0200

    Problem and problem type seeders added

commit d88557c93677dee902aa66e76ff414e5c6a5c8c7
Merge: 3bed61e7 0023e3e1
Author: Michiel Swaanen <michiel.swaanen.gsm@gmail.com>
Date:   Tue Apr 14 23:14:32 2020 +0200

    Merge branch 'development-michiel' into development

commit 7ba767d16f4f0f500d5c4b9258c5c405e2b4f8a7
Merge: 73c55c12 d88557c9
Author: maria.hendrikx <maria.hendrikx@student.uhasselt.be>
Date:   Thu Apr 16 10:25:24 2020 +0200

    Merge branch 'development' into development-maria

commit d27e075c499443061421e28745e5c5a680a99c7a
Author: Michiel Swaanen <michiel.swaanen.gsm@gmail.com>
Date:   Thu Apr 16 13:23:45 2020 +0200

    Added a filter for the planning route

commit b85774afece3c123a67175356e699c7d06c95efa
Merge: d88557c9 d27e075c
Author: Michiel Swaanen <michiel.swaanen.gsm@gmail.com>
Date:   Thu Apr 16 13:24:13 2020 +0200

    Merge branch 'development-michiel' into development

commit 96b477677fd80482c20decd1c64aeaef5e6bd338
Author: Wouter <Wouter.Grootjans@student.uhasselt.be>
Date:   Thu Apr 16 13:47:13 2020 +0200

    Admin: connected to the database

commit 1fc5bb1774b79bf28b3c64dc75ea4d99f26ba7f9
Merge: 96b47767 b85774af
Author: Wouter <Wouter.Grootjans@student.uhasselt.be>
Date:   Thu Apr 16 13:53:57 2020 +0200

    merging

commit 97721aa94f2859c46631c924003729d8cd3b5094
Author: Michiel Swaanen <michiel.swaanen.gsm@gmail.com>
Date:   Thu Apr 16 14:38:04 2020 +0200

    Fixed bug in problem add

commit ff1ca86d211a8082deb6900e2c73d9fe8267b3d9
Merge: b85774af 97721aa9
Author: Michiel Swaanen <michiel.swaanen.gsm@gmail.com>
Date:   Thu Apr 16 14:38:36 2020 +0200

    Merge branch 'development-michiel' into development

commit 08524d49141045ff565507af9f4b7c200637f18f
Author: Wouter <Wouter.Grootjans@student.uhasselt.be>
Date:   Thu Apr 16 14:41:55 2020 +0200

    Testing database connection

commit e71460aacee786686362ed3b9ada1bb246bb82a8
Merge: 08524d49 ff1ca86d
Author: Wouter <Wouter.Grootjans@student.uhasselt.be>
Date:   Thu Apr 16 14:42:38 2020 +0200

    Merge branch 'development' into development-wouter

commit 1b0d8e2288b4e664b0df4b32b04e82fea27c5764
Author: maria.hendrikx <maria.hendrikx@student.uhasselt.be>
Date:   Thu Apr 16 16:36:46 2020 +0200

    markers added

commit 6e297df4893bca68c0f8af8f2e4b7d13c8a4989b
Author: Michiel Swaanen <michiel.swaanen.gsm@gmail.com>
Date:   Thu Apr 16 16:38:56 2020 +0200

    Added unsolved problem route

commit 7809f20637359f5f1a281cc0e437b578bb86a7aa
Merge: ff1ca86d 6e297df4
Author: Michiel Swaanen <michiel.swaanen.gsm@gmail.com>
Date:   Thu Apr 16 16:39:27 2020 +0200

    Merge branch 'development-michiel' into development

commit 7d0cdb85dae13fef48d3f3f1278f42ce6aeb5823
Author: Wouter <Wouter.Grootjans@student.uhasselt.be>
Date:   Thu Apr 16 20:44:54 2020 +0200

    Admin: can show data from database server and make some adjustments

commit 9d3f790ebaf964354f2220dc6e52d2d41b73d21a
Author: Wouter <Wouter.Grootjans@student.uhasselt.be>
Date:   Fri Apr 17 09:47:51 2020 +0200

    Admin: Fixed routing problem to see details of a post and a problem, connected details pages to the server database

commit e074875d7e7fcc07657960f50c8e9f18e5a6afba
Author: Michiel Swaanen <michiel.swaanen.gsm@gmail.com>
Date:   Sat Apr 18 09:34:16 2020 +0200

    Working debug version

commit 693d69a8e4c839d51b46c76632babb6204f4c63a
Merge: 7809f206 e074875d
Author: Michiel Swaanen <michiel.swaanen.gsm@gmail.com>
Date:   Sat Apr 18 09:37:46 2020 +0200

    Merge branch 'development-michiel' into development

commit de6fd6bf3cae17eb2de4675e752a57fc92d50f8f
Merge: 4fd66a3c 693d69a8
Author: Michiel Swaanen <michiel.swaanen.gsm@gmail.com>
Date:   Sat Apr 18 09:38:09 2020 +0200

    Merge branch 'development'

commit 9f521ee59d75b9178b318a3cfeb477af388aade3
Author: maria.hendrikx <maria.hendrikx@student.uhasselt.be>
Date:   Sat Apr 18 13:53:33 2020 +0200

    json updated?

commit ad9c44b240c9018db9f9ab213bdfa9748a168f9b
Author: maria.hendrikx <maria.hendrikx@student.uhasselt.be>
Date:   Sat Apr 18 14:48:54 2020 +0200

    weird bug

commit 987c8ac19be682b41b44173f93c92b0b90ed1d1c
Author: Michiel Swaanen <michiel.swaanen.gsm@gmail.com>
Date:   Sat Apr 18 18:22:04 2020 +0200

    Production build ready

commit 3bf6c693e72ea215d5a11e87fc39e732f5be6da4
Merge: e074875d 987c8ac1
Author: Michiel Swaanen <michiel.swaanen.gsm@gmail.com>
Date:   Sat Apr 18 18:22:37 2020 +0200

    Merge branch 'production-build-michiel' into development-michiel

commit f57e8cb4a64cad2d47c619535c88bd0fea068884
Merge: 693d69a8 3bf6c693
Author: Michiel Swaanen <michiel.swaanen.gsm@gmail.com>
Date:   Sat Apr 18 18:58:56 2020 +0200

    Merge branch 'development-michiel' into development

commit bcb785c3a1aa9a34fd948d28686f1512d78d4241
Author: Wouter <Wouter.Grootjans@student.uhasselt.be>
Date:   Sat Apr 18 20:58:48 2020 +0200

    Admin: made part of the layout better

commit 924c989d68bfa498d8e2b73890820fae6738d7cf
Author: Michiel Swaanen <michiel.swaanen.gsm@gmail.com>
Date:   Sun Apr 19 12:32:51 2020 +0200

    Check if user is on post route

commit bd7e8a90d5b5f22c7b422a0a7182c5e69851a0aa
Author: Wouter <Wouter.Grootjans@student.uhasselt.be>
Date:   Sun Apr 19 13:02:36 2020 +0200

    Admin: updating ui

commit d934934f91398a1e41e43a53a6bdb6abf535737f
Author: Michiel Swaanen <michiel.swaanen.gsm@gmail.com>
Date:   Sun Apr 19 13:53:06 2020 +0200

    Fixed user location bug

commit 576f6c2201fdce4ecc35f44d58b55ea139eb143c
Merge: f57e8cb4 d934934f
Author: Michiel Swaanen <michiel.swaanen.gsm@gmail.com>
Date:   Sun Apr 19 13:55:49 2020 +0200

    Merge branch 'development-michiel' into development

commit 4d75cab031d8f302ff5bf2887c26e8e1bc8c2da7
Author: maria.hendrikx <maria.hendrikx@student.uhasselt.be>
Date:   Sun Apr 19 15:30:45 2020 +0200

    coords added

commit c003ca0c3618f38abdcf6897cffc96a13e6e718a
Author: maria.hendrikx <maria.hendrikx@student.uhasselt.be>
Date:   Sun Apr 19 18:08:30 2020 +0200

    InfoPage added

commit 29689c69ee6a9cd789985ac85d2555ce6166c922
Author: Michiel Swaanen <michiel.swaanen.gsm@gmail.com>
Date:   Sun Apr 19 18:46:51 2020 +0200

    Removed unused code

commit 49f7ab4c055b90090a466f79c52b9da0d31eb811
Merge: c003ca0c 29689c69
Author: Michiel Swaanen <michiel.swaanen.gsm@gmail.com>
Date:   Sun Apr 19 18:48:40 2020 +0200

    Merge branch 'development-michiel' into development

commit 29c789486d682071ee659fd7505468fd9a06078a
Author: maria.hendrikx <maria.hendrikx@student.uhasselt.be>
Date:   Sun Apr 19 19:03:08 2020 +0200

    added google maps to InfoPage

commit 4e7bb4f71545cb0dcade3b1dcc18f10a6786fdd2
Merge: 29c78948 49f7ab4c
Author: maria.hendrikx <maria.hendrikx@student.uhasselt.be>
Date:   Sun Apr 19 19:03:17 2020 +0200

    Merge branch 'development' of https://didactiek-scm.edm.uhasselt.be:8181/scm/git/psopv-2020-groep6 into development

commit c52e4f02493d5b311beb7b98a12a964d3c50f941
Merge: 29689c69 4e7bb4f7
Author: Michiel Swaanen <michiel.swaanen.gsm@gmail.com>
Date:   Sun Apr 19 19:06:36 2020 +0200

    Merge branch 'development' into development-michiel

commit 24c8fa1e228538aba1be9e8ae681e413e4130e83
Author: maria.hendrikx <maria.hendrikx@student.uhasselt.be>
Date:   Sun Apr 19 20:27:31 2020 +0200

    small edit (geolocation interval)

commit bd0575c08eb9f6b28188922962f77720330a28d5
Merge: ad9c44b2 24c8fa1e
Author: maria.hendrikx <maria.hendrikx@student.uhasselt.be>
Date:   Sun Apr 19 21:38:10 2020 +0200

    merged

commit 121d616210802c533346435edaf6d9dd5f85aa7e
Author: maria.hendrikx <maria.hendrikx@student.uhasselt.be>
Date:   Sun Apr 19 22:02:00 2020 +0200

    seperate volunteer and sector-responsie tabs

commit 7a76cb3ac1bed5c7fb6573c1d5e2a00e5d01d052
Merge: 24c8fa1e 121d6162
Author: maria.hendrikx <maria.hendrikx@student.uhasselt.be>
Date:   Sun Apr 19 22:02:42 2020 +0200

    Merge branch 'development-maria' into development

commit dfa88baf4dc11e1fd5aa51cb5b2cba285a1d60cf
Author: maria.hendrikx <maria.hendrikx@student.uhasselt.be>
Date:   Sun Apr 19 22:05:46 2020 +0200

    edited className in InfoPage

commit 405e979d7d42fc3d6f3e0753e85c3023d43f5999
Author: Michiel Swaanen <michiel.swaanen.gsm@gmail.com>
Date:   Mon Apr 20 09:26:28 2020 +0200

    Added send_to param to message, added multiple planning routes

commit c579636c5a96cd5e210941f0f1c9dd540f22e718
Author: Michiel Swaanen <michiel.swaanen.gsm@gmail.com>
Date:   Mon Apr 20 09:40:06 2020 +0200

    Added seeder for new message param

commit 8d0f0c662efd51fd747229b934c8694dae3c2604
Author: maria.hendrikx <maria.hendrikx@student.uhasselt.be>
Date:   Mon Apr 20 09:52:50 2020 +0200

    PostView edited

commit c7176fed11a89de6bede6dbfc84044782f990d74
Merge: 8d0f0c66 dfa88baf
Author: maria.hendrikx <maria.hendrikx@student.uhasselt.be>
Date:   Mon Apr 20 09:53:50 2020 +0200

    Merge branch 'development' into development-maria

commit 602538339234d4e9ba559589bfdb6c1b68950692
Author: Michiel Swaanen <michiel.swaanen.gsm@gmail.com>
Date:   Mon Apr 20 13:06:55 2020 +0200

    Fixed message route

commit 7c13711d6533c9d0abd9e9450d689040381df97f
Author: Michiel Swaanen <michiel.swaanen.gsm@gmail.com>
Date:   Mon Apr 20 13:09:47 2020 +0200

    Fixed where clause in fetch user shifts

commit e64f34c776f19b12a665e2f5934e730aea7cb2e8
Author: Wouter <Wouter.Grootjans@student.uhasselt.be>
Date:   Mon Apr 20 14:51:35 2020 +0200

    Admin: Changed layout

commit 785acfa00d6f21d1c09f9fc1ba7cef0f300c6c9b
Author: Wouter <Wouter.Grootjans@student.uhasselt.be>
Date:   Mon Apr 20 15:32:27 2020 +0200

    Admin: Made the markers on the map more visible with problems

commit 81cf1094c9387abc880588a1cec00b167ba7540c
Merge: 785acfa0 dfa88baf
Author: Wouter <Wouter.Grootjans@student.uhasselt.be>
Date:   Mon Apr 20 15:35:17 2020 +0200

    Merge branch 'development' into development-wouter

commit fec59f12259e458435f059a175c6e27ae0ed6d1b
Author: Michiel Swaanen <michiel.swaanen.gsm@gmail.com>
Date:   Mon Apr 20 15:36:52 2020 +0200

    Update geolocation on move and update screen

commit 9d457833c2d60ca2a1b3944ee5771dc951cd3fb7
Author: Michiel Swaanen <michiel.swaanen.gsm@gmail.com>
Date:   Mon Apr 20 16:27:40 2020 +0200

    Add 3 new routes: 1 in problem, 2 in item & added an extra param in item model

commit 038611ecbfab77b90cb1465b922d1c3913b90117
Author: Michiel Swaanen <michiel.swaanen.gsm@gmail.com>
Date:   Mon Apr 20 16:54:19 2020 +0200

    Added problem toggle solve route

commit 9e9e96da845542ecca11a74ce7698e17a568a0f9
Author: maria.hendrikx <maria.hendrikx@student.uhasselt.be>
Date:   Mon Apr 20 16:57:46 2020 +0200

    added ShiftView functionality

commit 408894f982d22de296674ff8de7942b2d9b78f66
Merge: dfa88baf 9e9e96da
Author: maria.hendrikx <maria.hendrikx@student.uhasselt.be>
Date:   Mon Apr 20 16:58:44 2020 +0200

    Merge branch 'development-maria' into development

commit 60c9dc65b032fbc084332aad8f190d6d979b9019
Author: Michiel Swaanen <michiel.swaanen.gsm@gmail.com>
Date:   Mon Apr 20 17:05:57 2020 +0200

    User connect toggle route added

commit 476b8abde065250caa1ec6b8d8259517d0d61d1a
Author: Michiel Swaanen <michiel.swaanen.gsm@gmail.com>
Date:   Mon Apr 20 18:15:53 2020 +0200

    Added new route and fixed some bugs

commit 78eb529af9c0c2a5d37b721b2a4650b4ec44249b
Merge: 408894f9 476b8abd
Author: Michiel Swaanen <michiel.swaanen.gsm@gmail.com>
Date:   Mon Apr 20 18:59:21 2020 +0200

    Merged with maria's changes on development

commit 283e72f598fad72efa380fc7b29d1307a8f44034
Merge: 476b8abd 78eb529a
Author: Michiel Swaanen <michiel.swaanen.gsm@gmail.com>
Date:   Mon Apr 20 19:00:21 2020 +0200

    Merge branch 'development' into development-michiel

commit 79bdfdcbef3483cdad398d73c6b8e2d7c68226d6
Merge: 9e9e96da 408894f9
Author: maria.hendrikx <maria.hendrikx@student.uhasselt.be>
Date:   Mon Apr 20 20:14:27 2020 +0200

    Merge branch 'development' into development-maria

commit bb73b914b2d7c39d2ea66eaadb2ecbdb4dd1abb8
Author: maria.hendrikx <maria.hendrikx@student.uhasselt.be>
Date:   Mon Apr 20 20:14:54 2020 +0200

    SendMessages + GetMessages

commit d535ea5b40f90e12ea6af9e4c777448d071263fe
Author: maria.hendrikx <maria.hendrikx@student.uhasselt.be>
Date:   Mon Apr 20 21:11:43 2020 +0200

    contact with database

commit 881f5debe3e8772f70b2101d497ad3996c5173b3
Merge: d535ea5b 78eb529a
Author: maria.hendrikx <maria.hendrikx@student.uhasselt.be>
Date:   Mon Apr 20 22:00:01 2020 +0200

    messages sector

commit 1a54b21fc9fe395bb3df132640918b0ac5b83849
Author: maria.hendrikx <maria.hendrikx@student.uhasselt.be>
Date:   Mon Apr 20 22:33:50 2020 +0200

    edited messaged

commit 87665ce23f705fa24a943c31afe4c665cc257d88
Author: Wouter <Wouter.Grootjans@student.uhasselt.be>
Date:   Tue Apr 21 08:16:03 2020 +0200

    Admin: made connection to live server

commit fcf54cdf697ec8dee5460131b8f43026df803858
Merge: 87665ce2 78eb529a
Author: Wouter <Wouter.Grootjans@student.uhasselt.be>
Date:   Tue Apr 21 15:48:42 2020 +0200

    Admin: Mergin & styling

commit 9fe6a176fc6f42c91ba0ca28835a8f00be0b6e15
Author: maria.hendrikx <maria.hendrikx@student.uhasselt.be>
Date:   Tue Apr 21 16:37:38 2020 +0200

    debugged ListView

commit 97f308b0e7e8a4f4af7c8d70d77f0036dde97b35
Author: maria.hendrikx <maria.hendrikx@student.uhasselt.be>
Date:   Tue Apr 21 18:06:11 2020 +0200

    added history to postview

commit 1aaaa31bc406b40b28c25bf818f844db861e822d
Author: maria.hendrikx <maria.hendrikx@student.uhasselt.be>
Date:   Tue Apr 21 19:06:11 2020 +0200

    ShiftView completed with annyoing click-function

commit fd26fc989de11445b8ece877c33e89eb341c5f7b
Author: maria.hendrikx <maria.hendrikx@student.uhasselt.be>
Date:   Tue Apr 21 20:13:00 2020 +0200

    added sort alphabetical

commit 2f4009c0291e3c5ada7ac134fd8d21ccaf73b5a9
Author: Wouter <Wouter.Grootjans@student.uhasselt.be>
Date:   Tue Apr 21 20:14:24 2020 +0200

    Admin: completed planning page with filter and posts per shift

commit f125391dad9c58b1382f729d75c705ea56b7589f
Merge: 78eb529a 2f4009c0
Author: Wouter <Wouter.Grootjans@student.uhasselt.be>
Date:   Tue Apr 21 20:15:04 2020 +0200

    Merge branch 'development-wouter' into development

commit cfc5073c960ae7258e91a4e56957d56fde2b5e30
Author: maria.hendrikx <maria.hendrikx@student.uhasselt.be>
Date:   Wed Apr 22 12:05:38 2020 +0200

    added problems to list + map

commit aa9f1781869c8c8b470334385b9558b4259a94a8
Author: maria.hendrikx <maria.hendrikx@student.uhasselt.be>
Date:   Wed Apr 22 12:21:52 2020 +0200

    added filter to map

commit f9d5965295ea695902c9f97345f3aabb5f7ed261
Author: Wouter <Wouter.Grootjans@student.uhasselt.be>
Date:   Wed Apr 22 13:24:59 2020 +0200

    Admin: Added notification when a shift started

commit 5d579d2e756130b8b432f7f9a20de4a66e4f8620
Merge: f125391d de6fd6bf f9d59652
Author: Wouter <Wouter.Grootjans@student.uhasselt.be>
Date:   Wed Apr 22 13:25:27 2020 +0200

    Merge branch 'development-wouter', remote-tracking branch 'origin' into development

commit 3fd398192d738529d1d6c3ae40147fbda34920c1
Author: maria.hendrikx <maria.hendrikx@student.uhasselt.be>
Date:   Wed Apr 22 15:03:53 2020 +0200

    Marker on map links to post

commit 4f424c2a47c9b5df96dbc72e4e7b8efc81577b2f
Author: Michiel Swaanen <michiel.swaanen.gsm@gmail.com>
Date:   Wed Apr 22 16:14:12 2020 +0200

    Start page added

commit 0b123dc963816c744ca9f608c7360390e9e4560a
Author: Michiel Swaanen <michiel.swaanen.gsm@gmail.com>
Date:   Wed Apr 22 16:14:34 2020 +0200

    Start page server side

commit ac14ad1e7ea90c9168f0076e43fafcc50875e04f
Merge: 3fd39819 f125391d
Author: maria.hendrikx <maria.hendrikx@student.uhasselt.be>
Date:   Thu Apr 23 13:29:17 2020 +0200

    Merge branch 'development' into development-maria

commit de068f7135a1efc7900043435ada3bcf612e7c88
Author: Michiel Swaanen <michiel.swaanen.gsm@gmail.com>
Date:   Thu Apr 23 17:16:48 2020 +0200

    Start page added

commit e87895bc2cb853d00d15bb4761d63d3f7cac5772
Author: Michiel Swaanen <michiel.swaanen.gsm@gmail.com>
Date:   Thu Apr 23 17:17:19 2020 +0200

    Start page added

commit a2d93daeca55f4098c995a44007fdb433a4f1191
Author: Wouter <Wouter.Grootjans@student.uhasselt.be>
Date:   Thu Apr 23 18:15:44 2020 +0200

    Admin: changed some small thing + bug fixes

commit 0cd46dc00f5e6a17d2233ad906afdf18e0d9741a
Author: maria.hendrikx <maria.hendrikx@student.uhasselt.be>
Date:   Thu Apr 23 22:47:15 2020 +0200

    problem added

commit 2381aca114de46c6f287366794278d01daf4fa15
Author: maria.hendrikx <maria.hendrikx@student.uhasselt.be>
Date:   Thu Apr 23 23:12:46 2020 +0200

    small fix

commit aaad445f7961b8d4634b7b798b71a74f1b5c7d0b
Author: maria.hendrikx <maria.hendrikx@student.uhasselt.be>
Date:   Thu Apr 23 23:13:27 2020 +0200

    small fix

commit 3d7ae422692644a9c0d0d62819a44d6e5ffd6571
Merge: f125391d aaad445f
Author: maria.hendrikx <maria.hendrikx@student.uhasselt.be>
Date:   Thu Apr 23 23:13:45 2020 +0200

    Merge branch 'development-maria' into development

commit a76f4ec3e30b8c0371de99e0febbe6f4d2714bb1
Author: Michiel Swaanen <michiel.swaanen.gsm@gmail.com>
Date:   Thu Apr 23 23:26:23 2020 +0200

    Working tracker

commit 36162eef61a2b3223e3834c77a65cf8fedda1ff2
Author: Michiel Swaanen <michiel.swaanen.gsm@gmail.com>
Date:   Thu Apr 23 23:31:46 2020 +0200

    Added new times to the seeder

commit f235b5477adcb64de425575b2813195f338d0148
Merge: 78eb529a 36162eef
Author: Michiel Swaanen <michiel.swaanen.gsm@gmail.com>
Date:   Thu Apr 23 23:32:13 2020 +0200

    Merge branch 'development-michiel' into development

commit 24a66d74d2544147cc5a9dc6f78b4b6229abf0b0
Merge: f235b547 3d7ae422
Author: Michiel Swaanen <michiel.swaanen.gsm@gmail.com>
Date:   Thu Apr 23 23:49:07 2020 +0200

    Merged with Maria

commit 3832d809d7b05043fbc690a8aa5c65287ae7b04a
Author: Wouter <Wouter.Grootjans@student.uhasselt.be>
Date:   Fri Apr 24 09:17:40 2020 +0200

    t

commit 1f55bf68b0f8e815ad824d314f6df01739fac3f9
Merge: 3832d809 24a66d74
Author: Wouter <Wouter.Grootjans@student.uhasselt.be>
Date:   Fri Apr 24 09:17:50 2020 +0200

    Merge branch 'development' of https://didactiek-scm.edm.uhasselt.be:8181/scm/git/psopv-2020-groep6 into development

commit 61536705a8d87aaa044e39431652412e64e834bb
Author: maria.hendrikx <maria.hendrikx@student.uhasselt.be>
Date:   Fri Apr 24 09:21:21 2020 +0200

    messaged and SendMessage aded

commit bcb034c775c363361d78575d391491d2586ebda4
Author: maria.hendrikx <maria.hendrikx@student.uhasselt.be>
Date:   Fri Apr 24 09:22:15 2020 +0200

    id edited

commit 442c7ba1c4113c7d3d7a3c8364394bbf8a327379
Merge: 24a66d74 bcb034c7
Author: maria.hendrikx <maria.hendrikx@student.uhasselt.be>
Date:   Fri Apr 24 09:51:29 2020 +0200

    merged with maria

commit fd4df550148d386eab7c146b12c5e6a0f652cffd
Author: Michiel Swaanen <michiel.swaanen.gsm@gmail.com>
Date:   Fri Apr 24 10:04:42 2020 +0200

    Update geolocation

commit 844b061830d260801b7b6fa20bdc05d10bd1dfee
Merge: 1f55bf68 fd4df550
Author: Wouter <Wouter.Grootjans@student.uhasselt.be>
Date:   Fri Apr 24 10:05:33 2020 +0200

    Merge branch 'development' of https://didactiek-scm.edm.uhasselt.be:8181/scm/git/psopv-2020-groep6 into development

commit 6707ac96fbf4ea2b824eb1d6bcab17980852b336
Author: maria.hendrikx <maria.hendrikx@student.uhasselt.be>
Date:   Fri Apr 24 10:36:17 2020 +0200

    id

commit 54dd4453919080ee94f79825f7774b513fa80098
Author: Michiel Swaanen <michiel.swaanen.gsm@gmail.com>
Date:   Fri Apr 24 20:07:17 2020 +0200

    Removed console logs

commit b10047785cf2a2712cb0554f84ab9ede56e33bc1
Author: maria.hendrikx <maria.hendrikx@student.uhasselt.be>
Date:   Thu May 7 16:54:30 2020 +0200

    added not-working redux-persists

commit bbf7738db2bfe484842aca61190525999f4366b4
Author: Wouter <Wouter.Grootjans@student.uhasselt.be>
Date:   Thu May 7 17:23:06 2020 +0200

    Added pdf generator for problems & display of the users and items on post info screen

commit 3258ee168e5cc32d941af3bdb1db7f7670847439
Author: Wouter <Wouter.Grootjans@student.uhasselt.be>
Date:   Thu May 7 20:12:52 2020 +0200

    Added periodic refresh on the map

commit afe879f968ca1aa79655d441a6fb40543516268d
Author: maria.hendrikx <maria.hendrikx@student.uhasselt.be>
Date:   Thu May 7 22:11:46 2020 +0200

    added localstorage

commit 2ced06ac0b31747b65590e33c46354e95f5db573
Author: Wouter <Wouter.Grootjans@student.uhasselt.be>
Date:   Fri May 8 14:13:59 2020 +0200

    Finished pdf generation

commit b3693440fb22fa24a29c0bea44e350509f389486
Author: maria.hendrikx <maria.hendrikx@student.uhasselt.be>
Date:   Fri May 8 15:45:31 2020 +0200

    added posts to local database (half)

commit 84edb4eb5c62e711751a88798b6f0671004240de
Author: maria.hendrikx <maria.hendrikx@student.uhasselt.be>
Date:   Fri May 8 18:50:53 2020 +0200

    added ofline post checkbox

commit 1e7616e41614d08c8226142e69845041d7a2e35b
Author: maria.hendrikx <maria.hendrikx@student.uhasselt.be>
Date:   Fri May 8 20:58:43 2020 +0200

    added local database to posts

commit 85acfc1dc4e1eb6bd325925b7c89a94870c0a039
Author: Wouter <Wouter.Grootjans@student.uhasselt.be>
Date:   Fri May 8 21:35:40 2020 +0200

    Switching to leaflet map

commit 077ffe5b9913dba40a7e69a8017c6609c89e16e5
Author: maria.hendrikx <maria.hendrikx@student.uhasselt.be>
Date:   Sat May 9 14:55:41 2020 +0200

    saved state begin

commit f4389061e9ecc096d6976f2594730366bad9a959
Author: maria.hendrikx <maria.hendrikx@student.uhasselt.be>
Date:   Sat May 9 16:40:26 2020 +0200

    backup

commit fa6a77c8a06535eae732ae4f9c68411c690304ec
Author: maria.hendrikx <maria.hendrikx@student.uhasselt.be>
Date:   Sat May 9 19:54:57 2020 +0200

    offline posts

commit ec8cca903a654ea2fa81d093a4d1c79ac4436001
Author: maria.hendrikx <maria.hendrikx@student.uhasselt.be>
Date:   Sat May 9 20:35:56 2020 +0200

    localstorage

commit 1ca0a6e87593afb2aa5f2e59b71cb18268937cca
Author: Michiel Swaanen <michiel.swaanen.gsm@gmail.com>
Date:   Sat May 9 21:05:34 2020 +0200

    Sector model, route, controller and seeder added

commit 1e5772a43d93019e3ee36d9329e4a136bd02f338
Merge: 54dd4453 1ca0a6e8
Author: Michiel Swaanen <michiel.swaanen.gsm@gmail.com>
Date:   Sat May 9 21:06:34 2020 +0200

    Merge branch 'development-michiel' into development

commit 44ec18e0bd4e87d78da5a9497173d192ae91f986
Author: maria.hendrikx <maria.hendrikx@student.uhasselt.be>
Date:   Thu May 14 10:06:05 2020 +0200

    added offline

commit 6b4092972e74327c05832e92e23403faeff46865
Merge: 44ec18e0 1e5772a4
Author: maria.hendrikx <maria.hendrikx@student.uhasselt.be>
Date:   Thu May 14 10:33:37 2020 +0200

    merged

commit 0ffa9403527888497d05a73ae7fad0b7f60be510
Merge: 1e5772a4 6b409297
Author: maria.hendrikx <maria.hendrikx@student.uhasselt.be>
Date:   Thu May 14 10:34:14 2020 +0200

    Merge branch 'development-maria' into development

commit 287bb05846295203eb77fe2588288250c633e1ec
Author: maria.hendrikx <maria.hendrikx@student.uhasselt.be>
Date:   Thu May 14 15:36:08 2020 +0200

    changed layout of website a bit

commit dbf5614ebb3ee010a278427694a457736b7657df
Author: maria.hendrikx <maria.hendrikx@student.uhasselt.be>
Date:   Thu May 14 23:10:19 2020 +0200

    made listview from localstorage

commit 28fd41c4cf04e762639e3bec2e9bec008ba826a5
Author: maria.hendrikx <maria.hendrikx@student.uhasselt.be>
Date:   Fri May 15 12:47:04 2020 +0200

    post-lijst + post offline

commit 9a9384cad7f72a26773fd21a6b6077ce274af449
Merge: 28fd41c4 0ffa9403
Author: maria.hendrikx <maria.hendrikx@student.uhasselt.be>
Date:   Fri May 15 12:48:15 2020 +0200

    Merge branch 'development' into development-maria

commit 4dd7b9e30fa08d5522a9e99dc15fe2969d3b2c80
Merge: 0ffa9403 9a9384ca
Author: maria.hendrikx <maria.hendrikx@student.uhasselt.be>
Date:   Fri May 15 12:48:53 2020 +0200

    Merge branch 'development-maria' into development

commit 536dd4b2f60a4b4a7988e5c3d773144edd04ddfb
Author: maria.hendrikx <maria.hendrikx@student.uhasselt.be>
Date:   Fri May 15 14:00:52 2020 +0200

    added IonSlides

commit b4c8df165c4095f7219f7f9112af1c1ca6b17f43
Author: Michiel Swaanen <michiel.swaanen.gsm@gmail.com>
Date:   Fri May 15 18:59:09 2020 +0200

    Added login for vrijwilliger and sector verantwoordelijke

commit 106f44ca11fd10a6ba3605c7b838cbd4472485dc
Author: Wouter <Wouter.Grootjans@student.uhasselt.be>
Date:   Fri May 15 19:51:51 2020 +0200

    Admin changed google maps to leaflet/openstretmap

commit 9bfcdccf358587fce8d16fdbe8f2423571e9b116
Merge: 844b0618 106f44ca
Author: Wouter <Wouter.Grootjans@student.uhasselt.be>
Date:   Fri May 15 19:53:26 2020 +0200

    Merge branch 'development-wouter' into development

commit bfe001a36487c671c82785c30f561914a4726950
Author: maria.hendrikx <maria.hendrikx@student.uhasselt.be>
Date:   Fri May 15 20:13:14 2020 +0200

    added postview choose-shift

commit 238dcfd932cca3daee85a0b9c20731720525982e
Merge: 9bfcdccf 4dd7b9e3
Author: Wouter <Wouter.Grootjans@student.uhasselt.be>
Date:   Fri May 15 20:26:40 2020 +0200

    Merging

commit 95460397db0562a22085831b1e9ef6a2ef1317d9
Merge: 106f44ca 238dcfd9
Author: Wouter <Wouter.Grootjans@student.uhasselt.be>
Date:   Fri May 15 20:29:13 2020 +0200

    Merge branch 'development' into development-wouter

commit 2d7ec08b69e33f37ffafe5fd2af0f4083df80f78
Author: maria.hendrikx <maria.hendrikx@student.uhasselt.be>
Date:   Fri May 15 22:31:04 2020 +0200

    added notifications + problems

commit 14e043257e12643f1dd69c0120a28038428b0e1a
Author: maria.hendrikx <maria.hendrikx@student.uhasselt.be>
Date:   Fri May 15 23:43:26 2020 +0200

    added slider to notifications

commit b0a920a5c5f1faf90f28e8ff6b1d167d251fee22
Author: maria.hendrikx <maria.hendrikx@student.uhasselt.be>
Date:   Fri May 15 23:49:49 2020 +0200

    added notifcation button clicks

commit 8d5cbca2641cd6e184e756fa349d1c526df41dd0
Merge: b0a920a5 238dcfd9
Author: maria.hendrikx <maria.hendrikx@student.uhasselt.be>
Date:   Fri May 15 23:58:20 2020 +0200

    Merge branch 'development' into development-maria

commit aa05b6c8064982ce6fd959e2aebf2ffcb7c1070f
Merge: 238dcfd9 8d5cbca2
Author: maria.hendrikx <maria.hendrikx@student.uhasselt.be>
Date:   Sat May 16 00:00:58 2020 +0200

    Merge branch 'development-maria' into development

commit 174cdfa918455be2ae6bb44351a3d6dd259ab83c
Author: maria.hendrikx <maria.hendrikx@student.uhasselt.be>
Date:   Sat May 16 00:23:23 2020 +0200

    added ga naar problems

commit 15abb8ec8eacf7d6551128c4aedf5f0166fe6ca2
Author: maria.hendrikx <maria.hendrikx@student.uhasselt.be>
Date:   Sat May 16 10:44:35 2020 +0200

    added map variables

commit 4252b29a7c7597348e31d7e6141e5e5c93b38a2e
Merge: aa05b6c8 15abb8ec
Author: maria.hendrikx <maria.hendrikx@student.uhasselt.be>
Date:   Sat May 16 10:45:00 2020 +0200

    Merge branch 'development-maria' into development

commit aaeaa8ba5084160989b874b07a4e2d04ec92f130
Merge: 15abb8ec 4252b29a
Author: maria.hendrikx <maria.hendrikx@student.uhasselt.be>
Date:   Sat May 16 10:46:01 2020 +0200

    Merge branch 'development' into development-maria

commit 2e884cdd2b507896487bd149c5255c69973785c4
Author: Wouter <Wouter.Grootjans@student.uhasselt.be>
Date:   Sat May 16 10:47:02 2020 +0200

    Adding map to mobile

commit be5bc36f78f7380cd75bd7ad44e0966f465dad72
Merge: 238dcfd9 2e884cdd
Author: Wouter <Wouter.Grootjans@student.uhasselt.be>
Date:   Sat May 16 10:47:30 2020 +0200

    Merge branch 'development-wouter' into development

commit 3bc0229a2cc530fd6caab19f6f7072fb951068bb
Merge: be5bc36f 4252b29a
Author: Wouter <Wouter.Grootjans@student.uhasselt.be>
Date:   Sat May 16 10:50:10 2020 +0200

    Merged

commit 8d01f6ee175312d4f541ab1a67d7eff912d67be3
Author: Wouter <Wouter.Grootjans@student.uhasselt.be>
Date:   Sat May 16 13:25:18 2020 +0200

    Map on mobile vs 1

commit c380d1c76aa7875c6db328e9c075f16e5bdb77b0
Merge: 2e884cdd 8d01f6ee
Author: Wouter <Wouter.Grootjans@student.uhasselt.be>
Date:   Sat May 16 13:25:32 2020 +0200

    Merge branch 'development' into development-wouter

commit 54453feba1038078b511f08ce708036803cd0932
Author: Wouter <Wouter.Grootjans@student.uhasselt.be>
Date:   Sat May 16 15:30:41 2020 +0200

    Added leaflet map to mobile

commit 253b8506fa360ab6ebb064f825919cf36023b9f9
Merge: 8d01f6ee 54453feb
Author: Wouter <Wouter.Grootjans@student.uhasselt.be>
Date:   Sat May 16 15:31:14 2020 +0200

    Merge branch 'development-wouter' into development

commit 9b4192f0b0999363664ff340d190911f3d53a1ac
Author: maria.hendrikx <maria.hendrikx@student.uhasselt.be>
Date:   Sat May 16 20:52:01 2020 +0200

    added add problem and delete problem + solve

commit 73d81c7baf71e4e870a7e7c85fe594934b4fae67
Merge: 9b4192f0 253b8506
Author: maria.hendrikx <maria.hendrikx@student.uhasselt.be>
Date:   Sat May 16 20:53:48 2020 +0200

    Merge branch 'development' into development-maria

commit 2a2dc8310be9cff05df57b6d36ea5a9e249bceab
Author: maria.hendrikx <maria.hendrikx@student.uhasselt.be>
Date:   Sat May 16 21:03:16 2020 +0200

    merged

commit 0e05998f0aabb778a0c88bc73dafee1dd01ca65d
Merge: 253b8506 2a2dc831
Author: maria.hendrikx <maria.hendrikx@student.uhasselt.be>
Date:   Sat May 16 21:03:33 2020 +0200

    Merge branch 'development-maria' into development

commit 18d722a5abd363dbe86ffd799b1b28300bfc41f3
Author: maria.hendrikx <maria.hendrikx@student.uhasselt.be>
Date:   Sat May 16 23:35:21 2020 +0200

    styled website a bit

commit f854fc97cf162beffc3574c0df1b26af4c8cf36b
Author: Wouter <Wouter.Grootjans@student.uhasselt.be>
Date:   Sun May 17 11:46:47 2020 +0200

    Updated map to allow buttons in popup

commit 876c69fed4a660b44269a5d0f2247c46f7bb319d
Merge: 54453feb f854fc97
Author: Wouter <Wouter.Grootjans@student.uhasselt.be>
Date:   Sun May 17 11:47:36 2020 +0200

    Merge branch 'development' into development-wouter

commit ae8bbadceb21e3e772d49ced49b9a38d4ccb9a86
Merge: f854fc97 0e05998f
Author: Wouter <Wouter.Grootjans@student.uhasselt.be>
Date:   Sun May 17 11:47:54 2020 +0200

    Merge branch 'development' of https://didactiek-scm.edm.uhasselt.be:8181/scm/git/psopv-2020-groep6 into development

commit c18216724c507d420f048e0692e1f95fb43f48c7
Author: Wouter <Wouter.Grootjans@student.uhasselt.be>
Date:   Sun May 17 12:58:29 2020 +0200

    Updated mobile map

commit c1167e615f4a7d1203b8965b87cbbab39ba6b461
Merge: ae8bbadc c1821672
Author: Wouter <Wouter.Grootjans@student.uhasselt.be>
Date:   Sun May 17 12:58:52 2020 +0200

    Merge branch 'development-wouter' into development

commit 811ecda3dbe8c7b583081851b786cf61e4db6c84
Author: Wouter <Wouter.Grootjans@student.uhasselt.be>
Date:   Sun May 17 18:14:41 2020 +0200

    Admin: added file upload to website, no connection to server yet

commit 33686081ef7724f6e1d2940f9679f94d6ad39dc3
Merge: c1167e61 811ecda3
Author: Wouter <Wouter.Grootjans@student.uhasselt.be>
Date:   Sun May 17 18:15:20 2020 +0200

    Merge branch 'development-wouter' into development

commit 324a1380d8f5eacb52091911cd2024186dd49232
Author: Michiel Swaanen <michiel.swaanen.gsm@gmail.com>
Date:   Mon May 18 17:14:04 2020 +0200

    Splitted applications

commit e4a53010bfc0fa5864e3be7ec0575d7ff720d525
Author: maria.hendrikx <maria.hendrikx@student.uhasselt.be>
Date:   Tue May 19 18:23:01 2020 +0200

    changed small things

commit 138b87d8eec6bb712c5fb8c18e42dbbe9feff006
Author: maria.hendrikx <maria.hendrikx@student.uhasselt.be>
Date:   Tue May 19 21:04:51 2020 +0200

    process fluent app

commit 04a80ca6f42d89bbb9ef848d965f2ef419b900e9
Author: maria.hendrikx <maria.hendrikx@student.uhasselt.be>
Date:   Wed May 20 12:49:15 2020 +0200

    added state updates shift

commit bfa39205ba528ae135e5d648d504fc32978dda18
Author: maria.hendrikx <maria.hendrikx@student.uhasselt.be>
Date:   Wed May 20 13:11:39 2020 +0200

    update state remove problem

commit 31b4131daa591ead6ed9f2fb4f301d965e122d1c
Author: maria.hendrikx <maria.hendrikx@student.uhasselt.be>
Date:   Wed May 20 14:01:38 2020 +0200

    small changes like title change and offline-notification

commit 16ab31174e3625d89723bb8f2cae314f23e45f64
Author: maria.hendrikx <maria.hendrikx@student.uhasselt.be>
Date:   Wed May 20 21:13:14 2020 +0200

    added sort by location

commit a9d34d4340812443a108888355b1d318358b19da
Author: maria.hendrikx <maria.hendrikx@student.uhasselt.be>
Date:   Wed May 20 22:52:59 2020 +0200

    added new sorting methods

commit 04b3e9d15e85560ee232024197d41583830e1bd7
Author: Wouter <Wouter.Grootjans@student.uhasselt.be>
Date:   Thu May 21 12:03:53 2020 +0200

    Admin: changed database calls & added message templates

commit a1d905c7e31a138414289915147423de616c8bdb
Merge: a9d34d43 33686081
Author: maria.hendrikx <maria.hendrikx@student.uhasselt.be>
Date:   Thu May 21 14:30:07 2020 +0200

    merge

commit 632001d30a311fc730a6854c3935cd79f7606173
Merge: 33686081 a1d905c7
Author: maria.hendrikx <maria.hendrikx@student.uhasselt.be>
Date:   Thu May 21 14:30:21 2020 +0200

    Merge branch 'development-maria' into development

commit 3efb864f86e83dbde5058fb8ef9288f2c8e6d7f8
Author: maria.hendrikx <maria.hendrikx@student.uhasselt.be>
Date:   Thu May 21 15:10:08 2020 +0200

    added badges

commit a2ac80b9b42486b8399c7f36a9177b7763e2f594
Author: maria.hendrikx <maria.hendrikx@student.uhasselt.be>
Date:   Thu May 21 21:32:35 2020 +0200

    added load problems

commit 6dc56c798d6b8bf1272766c08f277cea90dacdfc
Author: maria.hendrikx <maria.hendrikx@student.uhasselt.be>
Date:   Thu May 21 22:54:47 2020 +0200

    added load more

commit 5887a7f6e7c2b7eadda0faae2f2aa6363383700c
Author: Wouter <Wouter.Grootjans@student.uhasselt.be>
Date:   Fri May 22 10:30:04 2020 +0200

    Admin: Added permantent marker popups

commit b4348420472996bbb53d0397a349074a5cf167f0
Merge: 632001d3 5887a7f6
Author: Wouter <Wouter.Grootjans@student.uhasselt.be>
Date:   Fri May 22 10:58:47 2020 +0200

    Merged wouter

commit a14986aaf4f42dbbccb92f64e32ddc045de50fd8
Merge: 5887a7f6 b4348420
Author: Wouter <Wouter.Grootjans@student.uhasselt.be>
Date:   Fri May 22 10:59:04 2020 +0200

    Merge branch 'development' into development-wouter

commit aa14fb62fd6bcad2d1d0a551dbaaf4d843654eae
Author: Wouter <Wouter.Grootjans@student.uhasselt.be>
Date:   Fri May 22 14:59:09 2020 +0200

    Admin added load more function for problems

commit fa206392cee2644b2f8bf787cfe0b94b1f9b30bf
Merge: b4348420 aa14fb62
Author: Wouter <Wouter.Grootjans@student.uhasselt.be>
Date:   Fri May 22 15:56:38 2020 +0200

    Merge branch 'development-wouter' into development

commit b09f2b9c689d241f30224f97ef0fc17eb933b7e7
Author: maria.hendrikx <maria.hendrikx@student.uhasselt.be>
Date:   Fri May 22 16:20:07 2020 +0200

    changing map, part 1

commit e93cbe06a18a8e34eb16d43ab4a113723dc0d901
Author: maria.hendrikx <maria.hendrikx@student.uhasselt.be>
Date:   Fri May 22 18:15:23 2020 +0200

    add colors to map part 2

commit 8c294b970604044cd4cacdaa7d960313573a36a1
Author: maria.hendrikx <maria.hendrikx@student.uhasselt.be>
Date:   Fri May 22 20:19:31 2020 +0200

    added current location (half)

commit 5ab12f916eb11b19a9350ccc9fe5d3cabc5d5b97
Author: maria.hendrikx <maria.hendrikx@student.uhasselt.be>
Date:   Fri May 22 20:40:56 2020 +0200

    removed bug sorting + removed currentlocation map

commit cb19943f80d11c0ff7b009284dafabb87de2375b
Author: maria.hendrikx <maria.hendrikx@student.uhasselt.be>
Date:   Sat May 23 21:54:20 2020 +0200

    state updates

commit 74a0ebd9a4d221fa7fa876850ad538a0af6c5aa3
Merge: cb19943f fa206392
Author: maria.hendrikx <maria.hendrikx@student.uhasselt.be>
Date:   Sat May 23 21:58:17 2020 +0200

    merge

commit 26c20d0f2193b5b4a0ce427c6d56df535ee7b77f
Merge: fa206392 74a0ebd9
Author: maria.hendrikx <maria.hendrikx@student.uhasselt.be>
Date:   Sat May 23 21:58:36 2020 +0200

    Merge branch 'development-maria' into development

commit 0f62af40ad1c23f76bf1ef9dfa5467ec51e40c44
Author: Michiel Swaanen <michiel.swaanen.gsm@gmail.com>
Date:   Sun May 24 10:10:43 2020 +0200

    Login functionallity added, session set to 10s

commit aba8f01fcd854f5bb9f9754de74924991fcb8089
Merge: 26c20d0f 0f62af40
Author: Michiel Swaanen <michiel.swaanen.gsm@gmail.com>
Date:   Sun May 24 12:33:17 2020 +0200

    Merged with development, NPM bugs out when you run Docker

commit 0ba480acc14450f3e8ad6e5d71a4108a49914169
Author: maria.hendrikx <maria.hendrikx@student.uhasselt.be>
Date:   Sun May 24 12:42:32 2020 +0200

    small changes

commit e2334ebb41e8a6ddea05f186c10c0797a60147f2
Merge: 0ba480ac aba8f01f
Author: maria.hendrikx <maria.hendrikx@student.uhasselt.be>
Date:   Sun May 24 12:52:38 2020 +0200

    merge

commit 9c0074d6cb9e1065defabd54ef01a1ba6c4c7d84
Merge: aba8f01f e2334ebb
Author: maria.hendrikx <maria.hendrikx@student.uhasselt.be>
Date:   Sun May 24 12:53:46 2020 +0200

    Merge branch 'development-maria' into development

commit f94640568d3c63ebbbe9e801679dcbd00e82a298
Author: maria.hendrikx <maria.hendrikx@student.uhasselt.be>
Date:   Sun May 24 17:24:45 2020 +0200

    edited volunteer-app

commit e24800d9e54f922698499b214d747c82db86a464
Merge: 9c0074d6 f9464056
Author: maria.hendrikx <maria.hendrikx@student.uhasselt.be>
Date:   Sun May 24 17:25:37 2020 +0200

    Merge branch 'development-maria' into development

commit 10874b1ec880e46e4f2ba649292c6cccdc0e2b23
Author: Michiel Swaanen <michiel.swaanen.gsm@gmail.com>
Date:   Sun May 24 19:35:17 2020 +0200

    Added dynamic phone number detection

commit 5a1bcbe7df61451d5a15e07cbb5fcdd87e8bcb0b
Merge: e24800d9 10874b1e
Author: Michiel Swaanen <michiel.swaanen.gsm@gmail.com>
Date:   Sun May 24 19:58:57 2020 +0200

    Merged with development

commit 5b133a2a0db3930ee5ac88e3ef03bf2a8a4dfd7d
Author: maria.hendrikx <maria.hendrikx@student.uhasselt.be>
Date:   Sun May 24 20:19:24 2020 +0200

    small fixes

commit 781f40da460d39e4a365a91b17610094952c6619
Merge: 5b133a2a e24800d9
Author: maria.hendrikx <maria.hendrikx@student.uhasselt.be>
Date:   Sun May 24 20:20:06 2020 +0200

    Merge branch 'development' into development-maria

commit b096d91815d3bf56889c60a0a321e6049a857451
Merge: e24800d9 781f40da
Author: maria.hendrikx <maria.hendrikx@student.uhasselt.be>
Date:   Sun May 24 20:20:22 2020 +0200

    Merge branch 'development-maria' into development

commit 57300897f42006f8bb4213034eca21308a3364bb
Author: maria.hendrikx <maria.hendrikx@student.uhasselt.be>
Date:   Sun May 24 20:21:27 2020 +0200

    merge

commit 8f5d5edf1e5283cce8571c342c16e9d321316244
Merge: 5a1bcbe7 57300897
Author: Michiel Swaanen <michiel.swaanen.gsm@gmail.com>
Date:   Sun May 24 20:23:00 2020 +0200

    Merge branch 'development' of https://didactiek-scm.edm.uhasselt.be:8181/scm/git/psopv-2020-groep6 into development

commit 3e54113f1b994d9d5d2c05b21da3389c482b4f63
Author: Michiel Swaanen <michiel.swaanen.gsm@gmail.com>
Date:   Sun May 24 20:38:28 2020 +0200

    SV Map not working

commit 3e54d00db621a0d6a5fe2981b00ad24c94b3a900
Author: maria.hendrikx <maria.hendrikx@student.uhasselt.be>
Date:   Sun May 24 21:54:37 2020 +0200

    greedy part 1

commit c9eb660701be5d3879df0f8f7f1f88cdfde95fac
Merge: 3e54d00d 3e54113f
Author: maria.hendrikx <maria.hendrikx@student.uhasselt.be>
Date:   Sun May 24 21:58:37 2020 +0200

    bug fixed

commit e93ee82a6c5372398ade46234b6ae91bef204f27
Merge: 781f40da c9eb6607
Author: maria.hendrikx <maria.hendrikx@student.uhasselt.be>
Date:   Sun May 24 22:08:13 2020 +0200

    Merge branch 'development' into development-maria

commit 3bcf02cda640171d340c36d5fc56678b222a7261
Author: maria.hendrikx <maria.hendrikx@student.uhasselt.be>
Date:   Sun May 24 22:52:49 2020 +0200

    fixed bug?

commit 61355db555558601e50825e38bd0352fe24ef885
Merge: c9eb6607 3bcf02cd
Author: maria.hendrikx <maria.hendrikx@student.uhasselt.be>
Date:   Sun May 24 22:53:16 2020 +0200

    Merge branch 'development-maria' into development

commit a4c554b090b57bfff1820a633924e992790513c4
Author: maria.hendrikx <maria.hendrikx@student.uhasselt.be>
Date:   Mon May 25 00:19:06 2020 +0200

    added greedy part 2

commit c1898cf802510061f09561abe4ea095ebbbcaabb
Author: Michiel Swaanen <michiel.swaanen.gsm@gmail.com>
Date:   Mon May 25 08:42:58 2020 +0200

    Timezone changed

commit 0141a70ffa26dd0ad8dc7c26cd58c1e59f17c23f
Merge: c1898cf8 61355db5
Author: Michiel Swaanen <michiel.swaanen.gsm@gmail.com>
Date:   Mon May 25 08:46:38 2020 +0200

    Merged with development

commit 1c0adf0e31083d345cff820221861c786f75fd7b
Author: Michiel Swaanen <michiel.swaanen.gsm@gmail.com>
Date:   Mon May 25 09:49:55 2020 +0200

    Fixed development data issue

commit 780d8e77a2836898fbb59c5fb8a54d1c1bd1512f
Author: maria.hendrikx <maria.hendrikx@student.uhasselt.be>
Date:   Mon May 25 12:48:47 2020 +0200

    added greedy

commit 3d772014739cfaea9a0ee2a23e7d7bce17c0a121
Author: maria.hendrikx <maria.hendrikx@student.uhasselt.be>
Date:   Mon May 25 13:00:39 2020 +0200

    added greedy 2

commit 41f4358e7b6ca1218095294282978364bd8b8620
Merge: 3d772014 1c0adf0e
Author: maria.hendrikx <maria.hendrikx@student.uhasselt.be>
Date:   Mon May 25 13:01:11 2020 +0200

    Merge branch 'development' into development-maria

commit 8310279643eba55634ccde9f306f6e0a79ef2da4
Author: maria.hendrikx <maria.hendrikx@student.uhasselt.be>
Date:   Mon May 25 13:59:41 2020 +0200

    with bug?

commit baea7463d0a9867242d55433f6b21407ed992f69
Author: Wouter <Wouter.Grootjans@student.uhasselt.be>
Date:   Mon May 25 14:38:18 2020 +0200

    Adding data parsing

commit 3e43cf705afc151a93dfb26f29ef8299a414c35d
Merge: 1c0adf0e baea7463
Author: Wouter <Wouter.Grootjans@student.uhasselt.be>
Date:   Mon May 25 14:38:50 2020 +0200

    Merge branch 'development-wouter' into development

commit de8876fef66ccaf8d85dcde3902bef5f1ac981e8
Merge: baea7463 3e43cf70
Author: Wouter <Wouter.Grootjans@student.uhasselt.be>
Date:   Mon May 25 14:39:38 2020 +0200

    Merge branch 'development' into development-wouter

commit cd961090e02958aa855a73bb01d70491b1ef4ce8
Author: Michiel Swaanen <michiel.swaanen.gsm@gmail.com>
Date:   Mon May 25 15:20:27 2020 +0200

    Timezones correctly added and small bugs fixed

commit 561cc557b2be2ed444e39b4a9be95fd78ce04dda
Merge: 3e43cf70 cd961090
Author: Michiel Swaanen <michiel.swaanen.gsm@gmail.com>
Date:   Mon May 25 15:26:56 2020 +0200

    Merge branch 'development-michiel' into development

commit 19f4456f09702418ee69b052105ad867371553a3
Author: maria.hendrikx <maria.hendrikx@student.uhasselt.be>
Date:   Mon May 25 16:22:23 2020 +0200

    trying to solve some bugs

commit e09f7ddbe74498580d0212b1082ed66715d90c20
Merge: 19f4456f 561cc557
Author: maria.hendrikx <maria.hendrikx@student.uhasselt.be>
Date:   Mon May 25 16:31:25 2020 +0200

    merged

commit 82c778e102945879babaca20a3a683eae9004fde
Merge: 561cc557 e09f7ddb
Author: maria.hendrikx <maria.hendrikx@student.uhasselt.be>
Date:   Mon May 25 16:31:55 2020 +0200

    Merge branch 'development-maria' into development

commit 546d6499cebc8f683264ef3a55ea9e0513887267
Author: maria.hendrikx <maria.hendrikx@student.uhasselt.be>
Date:   Mon May 25 16:33:33 2020 +0200

    merged

commit 4205efebc64f4dd01ebc859714aa97794dfb8af0
Author: maria.hendrikx <maria.hendrikx@student.uhasselt.be>
Date:   Mon May 25 20:31:46 2020 +0200

    added initializing at start

commit f7adc2972a92e49db1a02b0be347eba3780c05e5
Merge: 546d6499 4205efeb
Author: maria.hendrikx <maria.hendrikx@student.uhasselt.be>
Date:   Mon May 25 20:32:14 2020 +0200

    Merge branch 'development-maria' into development

commit a0faf942c84fe322546abba7e130c7bdc77b9484
Author: maria.hendrikx <maria.hendrikx@student.uhasselt.be>
Date:   Mon May 25 20:43:35 2020 +0200

    added initialise for volunteer aswell

commit 2afd54ed8721090ffa9e698580be5b4ed21fbf0f
Author: Wouter <Wouter.Grootjans@student.uhasselt.be>
Date:   Tue May 26 09:17:45 2020 +0200

    Admin finished client side data parsing

commit 270c50a165d4cc438dbd724becfc06a2f9257612
Merge: f7adc297 2afd54ed
Author: Wouter <Wouter.Grootjans@student.uhasselt.be>
Date:   Tue May 26 09:19:49 2020 +0200

    Merge branch 'development-wouter' into development

commit 14cb6d6576ae3d812ec4c268768ff49a28620261
Author: maria.hendrikx <maria.hendrikx@student.uhasselt.be>
Date:   Tue May 26 16:59:09 2020 +0200

    load more with problems

commit 921242e32087c3e06aac9328cdf46252af558c7f
Author: Michiel Swaanen <michiel.swaanen.gsm@gmail.com>
Date:   Tue May 26 17:37:43 2020 +0200

    Added back-end and front-end server authentication

commit 63c01cd5d666d97168f46473f83708ec1fe1d8ad
Merge: 921242e3 270c50a1
Author: Michiel Swaanen <michiel.swaanen.gsm@gmail.com>
Date:   Tue May 26 17:41:25 2020 +0200

    Merged with development

commit 83515700052bafb37f7d5ca94e91cd4b10d77e28
Merge: 14cb6d65 63c01cd5
Author: maria.hendrikx <maria.hendrikx@student.uhasselt.be>
Date:   Tue May 26 18:29:43 2020 +0200

    Merge branch 'development' into development-maria

commit 4c8876916c6de8b99ca85a9f3e686d119796eca0
Merge: 63c01cd5 83515700
Author: maria.hendrikx <maria.hendrikx@student.uhasselt.be>
Date:   Tue May 26 18:31:23 2020 +0200

    Merge branch 'development-maria' into development

commit 254c01c93c93c75af61030a1d28d07bf0f17ecff
Author: Michiel Swaanen <michiel.swaanen.gsm@gmail.com>
Date:   Tue May 26 18:37:06 2020 +0200

    Is using the development database now

commit f6426fbed057bf9cffd4a68de8a01bceaff57b7e
Merge: 4c887691 254c01c9
Author: Michiel Swaanen <michiel.swaanen.gsm@gmail.com>
Date:   Tue May 26 18:42:49 2020 +0200

    Merge branch 'development-michiel' into development

commit 8f7d0f0e999d891bdd3b1cddc60b97d214d8837e
Author: Michiel Swaanen <michiel.swaanen.gsm@gmail.com>
Date:   Tue May 26 19:23:57 2020 +0200

    Contact item auth visible

commit 58c25e8da67acd97daeb0e0947fab3d7f670a8ae
Author: maria.hendrikx <maria.hendrikx@student.uhasselt.be>
Date:   Tue May 26 19:32:23 2020 +0200

    with error

commit a92929f68dbf182e57f48b607f6d25dfc68056c3
Merge: 58c25e8d 8f7d0f0e
Author: maria.hendrikx <maria.hendrikx@student.uhasselt.be>
Date:   Tue May 26 19:32:51 2020 +0200

    Merge branch 'development' into development-maria

commit 63460a0abe80d1aacd4175ea7f3b11ef840d1980
Author: Michiel Swaanen <michiel.swaanen.gsm@gmail.com>
Date:   Tue May 26 19:35:12 2020 +0200

    Deleted some comment

commit ccf30e868b0903a01bd05f205e1634b4df657f69
Author: maria.hendrikx <maria.hendrikx@student.uhasselt.be>
Date:   Tue May 26 19:43:55 2020 +0200

    added postview back

commit d2bc605d5ca0a2ae0839d1c65e1cf828a636ee65
Author: Michiel Swaanen <michiel.swaanen.gsm@gmail.com>
Date:   Tue May 26 21:12:12 2020 +0200

    Get the current/next sector manager of the user

commit db7b12a6ecea352b52bafc5e6dee7518d74dba9b
Author: Michiel Swaanen <michiel.swaanen.gsm@gmail.com>
Date:   Tue May 26 21:42:19 2020 +0200

    Fixed all server timings

commit 899682275e9610e23571dc287caf8518d0903755
Author: Wouter <Wouter.Grootjans@student.uhasselt.be>
Date:   Tue May 26 22:01:37 2020 +0200

    Added user inserting via excel to localhost

commit ef8f1110bc377818888082705327bcab7437e79c
Author: maria.hendrikx <maria.hendrikx@student.uhasselt.be>
Date:   Tue May 26 22:09:12 2020 +0200

    added templates

commit 2f4bd4154f1499f2ffd9f9559ea5c27b8abb02ff
Merge: ef8f1110 db7b12a6
Author: maria.hendrikx <maria.hendrikx@student.uhasselt.be>
Date:   Tue May 26 22:58:43 2020 +0200

    added manager to volunteer

commit 1103ea6260570a7123aa2d928a16f477c86b1d18
Author: Michiel Swaanen <michiel.swaanen.gsm@gmail.com>
Date:   Wed May 27 14:09:15 2020 +0200

    Start Page added

commit 5efae132399a8f681168463e6f7c1f63f62f5f60
Author: Michiel Swaanen <michiel.swaanen.gsm@gmail.com>
Date:   Wed May 27 14:21:47 2020 +0200

    StartPage added

commit 4e8193b871d976bd3ff9726b3f50778eac5a90c8
Author: maria.hendrikx <maria.hendrikx@student.uhasselt.be>
Date:   Wed May 27 15:13:26 2020 +0200

    fixed some bugs with withIonLifeCycle

commit 8bf3b1b20ce47b9d70c01baa97cbdfcccc592ea8
Author: Michiel Swaanen <michiel.swaanen.gsm@gmail.com>
Date:   Wed May 27 15:35:25 2020 +0200

    Start Page wouldn't show if you had an empty planning

commit bbcbaeb3a910b300012e0a18965be46323c8338c
Author: maria.hendrikx <maria.hendrikx@student.uhasselt.be>
Date:   Wed May 27 15:45:34 2020 +0200

    tried to fix some bugs

commit 8d52d57a6340684e136239942f33b110174718ad
Merge: bbcbaeb3 8bf3b1b2
Author: maria.hendrikx <maria.hendrikx@student.uhasselt.be>
Date:   Wed May 27 15:57:38 2020 +0200

    merged

commit a4bb609e7f0f4cd79f866218fb5a5443eb26eb55
Merge: 8bf3b1b2 8d52d57a
Author: maria.hendrikx <maria.hendrikx@student.uhasselt.be>
Date:   Wed May 27 15:57:54 2020 +0200

    Merge branch 'development-maria' into development

commit d350e22018dca1dc3c3aa2344abd5a0a255c1966
Author: Wouter <Wouter.Grootjans@student.uhasselt.be>
Date:   Wed May 27 17:07:56 2020 +0200

    added data upload

commit a8245b182fd2db319a0ebcb2d3dabb3766df7591
Merge: 270c50a1 d350e220
Author: Wouter <Wouter.Grootjans@student.uhasselt.be>
Date:   Wed May 27 17:19:14 2020 +0200

    Merge branch 'development-wouter' into development

commit 9f81e147623a7b26ab26017890f36a304e0a6959
Merge: a8245b18 a4bb609e
Author: Wouter <Wouter.Grootjans@student.uhasselt.be>
Date:   Wed May 27 18:08:29 2020 +0200

    Merging with wouter

commit 20a9dc95e43f6a342f1ecdfab9d5cef2456322fe
Merge: d350e220 9f81e147
Author: Wouter <Wouter.Grootjans@student.uhasselt.be>
Date:   Wed May 27 18:09:07 2020 +0200

    Merge branch 'development' into development-wouter

commit 423502c97c4e4fd51e0bdc751b6b3f6ad496bf54
Author: maria.hendrikx <maria.hendrikx@student.uhasselt.be>
Date:   Wed May 27 18:09:45 2020 +0200

    small changes

commit 3d917db3d4a04c0869386835d4bac086a3046e63
Merge: 423502c9 9f81e147
Author: maria.hendrikx <maria.hendrikx@student.uhasselt.be>
Date:   Wed May 27 18:10:44 2020 +0200

    Merge branch 'development' into development-maria

commit 533e1b1d698c932c2405329e23062a4a52251e18
Author: maria.hendrikx <maria.hendrikx@student.uhasselt.be>
Date:   Wed May 27 18:17:30 2020 +0200

    phone

commit 37679ef86ad4e95b8d787ec809465673eefade15
Merge: 9f81e147 533e1b1d
Author: maria.hendrikx <maria.hendrikx@student.uhasselt.be>
Date:   Wed May 27 18:17:40 2020 +0200

    `Merge branch 'development-maria' into development

commit cc56f64f933002bef7f84b1efbe1d08493c0d875
Author: Wouter <Wouter.Grootjans@student.uhasselt.be>
Date:   Wed May 27 21:39:32 2020 +0200

    fixed bugs

commit 6065e5165009abfc4dc839783ee5915e0c12a46d
Merge: 9f81e147 cc56f64f
Author: Wouter <Wouter.Grootjans@student.uhasselt.be>
Date:   Wed May 27 21:39:51 2020 +0200

    Merge branch 'development-wouter' into development

commit 6f2b601104758ede9f0c0f1f281f990eafc650cf
Merge: 6065e516 37679ef8
Author: Wouter <Wouter.Grootjans@student.uhasselt.be>
Date:   Wed May 27 21:40:03 2020 +0200

    Merge branch 'development' of https://didactiek-scm.edm.uhasselt.be:8181/scm/git/psopv-2020-groep6 into development

commit 7206783cd638ccda23d31159e3d24401f6cd005a
Author: Michiel Swaanen <michiel.swaanen.gsm@gmail.com>
Date:   Wed May 27 22:22:08 2020 +0200

    Added cookies experation

commit ff0ba024d0f17c0f3e9dfb91a5fe251735fb4df8
Author: Wouter <Wouter.Grootjans@student.uhasselt.be>
Date:   Thu May 28 10:28:15 2020 +0200

    Finished data loading with error visualization for user

commit 34ff0419232405a467c461d211e47c06df59bcc7
Merge: 6f2b6011 ff0ba024
Author: Wouter <Wouter.Grootjans@student.uhasselt.be>
Date:   Thu May 28 10:28:37 2020 +0200

    Merge branch 'development-wouter' into development

commit 663fc18b8cc112267dbf71f9a8e08ce9080c58c4
Author: Wouter <Wouter.Grootjans@student.uhasselt.be>
Date:   Thu May 28 15:21:50 2020 +0200

    Updated sector parsing

commit f3adfb53a9bcd095d5ce2e4716b620aa0d0bda18
Merge: 34ff0419 663fc18b
Author: Wouter <Wouter.Grootjans@student.uhasselt.be>
Date:   Thu May 28 15:23:21 2020 +0200

    Merge branch 'development-wouter' into development

commit 7d9b7bb7be494ec0df74054e5b6d72b6a548d610
Author: Wouter <Wouter.Grootjans@student.uhasselt.be>
Date:   Thu May 28 21:59:49 2020 +0200

    Fixed bugs

commit e8a2b9ccb36d9992c8e5d5189d004934d98d68b4
Merge: f3adfb53 7d9b7bb7
Author: Wouter <Wouter.Grootjans@student.uhasselt.be>
Date:   Thu May 28 22:00:13 2020 +0200

    Merge branch 'development-wouter' into development

commit b8e3a28caf45d266325e33eff6af802b9bc23d99
Author: Wouter <Wouter.Grootjans@student.uhasselt.be>
Date:   Fri May 29 10:56:55 2020 +0200

    Removed type-errors in data upload

commit db6b7769ec0361c30ede19fc90908ca47d5c44dc
Merge: e8a2b9cc b8e3a28c
Author: Wouter <Wouter.Grootjans@student.uhasselt.be>
Date:   Fri May 29 10:57:21 2020 +0200

    Merge branch 'development-wouter' into development

commit 28481d3b32659c181f66a834ec117c4db29b5184
Author: Michiel Swaanen <michiel.swaanen.gsm@gmail.com>
Date:   Fri May 29 11:09:25 2020 +0200

    console.log clear

commit 4e04805d6f3c5ed12d0e3bab130b397dba7a752d
Author: Wouter <Wouter.Grootjans@student.uhasselt.be>
Date:   Fri May 29 11:18:10 2020 +0200

    Fixed bug with file upload

commit a3fc0b00a6d55c1112d66860405604fadc653092
Merge: db6b7769 4e04805d
Author: Wouter <Wouter.Grootjans@student.uhasselt.be>
Date:   Fri May 29 11:18:34 2020 +0200

    Merge branch 'development-wouter' into development

commit f8662e838d053d6a4b7c8d607520289621eeaf06
Merge: 28481d3b db6b7769
Author: Michiel Swaanen <michiel.swaanen.gsm@gmail.com>
Date:   Fri May 29 12:25:25 2020 +0200

    Merged with development

commit c9eabb8e74baa9185451728f2d0126fa5b3bde1b
Merge: f8662e83 a3fc0b00
Author: Michiel Swaanen <michiel.swaanen.gsm@gmail.com>
Date:   Fri May 29 12:25:53 2020 +0200

    Merge branch 'development' of https://didactiek-scm.edm.uhasselt.be:8181/scm/git/psopv-2020-groep6 into development

commit a4a797bc0d7ef5c3f44c41b067124089f45a92e5
Author: Michiel Swaanen <michiel.swaanen.gsm@gmail.com>
Date:   Fri May 29 13:11:24 2020 +0200

    Bulk message added

commit 7f78807f28dc0ff5f6d356a808b525b3bb5263e2
Author: Michiel Swaanen <michiel.swaanen.gsm@gmail.com>
Date:   Fri May 29 13:38:47 2020 +0200

    Provided docs for seeder, utils and App

commit 00c1be71989a579ab7403077491ea6aef5e32766
Author: Michiel Swaanen <michiel.swaanen.gsm@gmail.com>
Date:   Fri May 29 13:56:02 2020 +0200

    Provided docs for routing

commit a74a78ea7d4ada0f9edca821f9e8082fde67f822
Author: Michiel Swaanen <michiel.swaanen.gsm@gmail.com>
Date:   Fri May 29 14:09:07 2020 +0200

    Provided docs for models

commit ac98f1d3b9fd6916643beb1d602d630eb08c65d7
Author: Michiel Swaanen <michiel.swaanen.gsm@gmail.com>
Date:   Fri May 29 14:24:52 2020 +0200

    Message bulk adder bug fix

commit f9982e9f7e94d0ceed3407a8b17a66e7186401d6
Author: Wouter <Wouter.Grootjans@student.uhasselt.be>
Date:   Fri May 29 14:51:18 2020 +0200

    Changed messagesbulk implementation

commit ec00d829fc607a768afb6ae4b75faf661b7078d4
Merge: a3fc0b00 f9982e9f
Author: Wouter <Wouter.Grootjans@student.uhasselt.be>
Date:   Fri May 29 14:51:38 2020 +0200

    Merge branch 'development-wouter' into development

commit 9e3734c0ec956d208caef62c19449620265bc7e8
Merge: ec00d829 ac98f1d3
Author: Wouter <Wouter.Grootjans@student.uhasselt.be>
Date:   Fri May 29 14:51:42 2020 +0200

    Merge branch 'development' of https://didactiek-scm.edm.uhasselt.be:8181/scm/git/psopv-2020-groep6 into development

commit fc7f0cc9fdb0a8a80ce6ec98ed22c1b5ec021c60
Author: Wouter <Wouter.Grootjans@student.uhasselt.be>
Date:   Fri May 29 14:54:32 2020 +0200

    Merged

commit 082731d1d74e53504149d71de2e756949853e89e
Author: Wouter <Wouter.Grootjans@student.uhasselt.be>
Date:   Fri May 29 15:04:24 2020 +0200

    changed doc

commit 15949273ee8512e8366f9a63fa0d81b39d8b22ff
Merge: f9982e9f 082731d1
Author: Wouter <Wouter.Grootjans@student.uhasselt.be>
Date:   Fri May 29 15:05:16 2020 +0200

    Merge branch 'development' into development-wouter
